#
# There is insufficient memory for the Java Runtime Environment to continue.
# Native memory allocation (malloc) failed to allocate 32744 bytes for ChunkPool::allocate
# Possible reasons:
#   The system is out of physical RAM or swap space
#   The process is running with CompressedOops enabled, and the Java Heap may be blocking the growth of the native heap
# Possible solutions:
#   Reduce memory load on the system
#   Increase physical memory or swap space
#   Check if swap backing store is full
#   Decrease Java heap size (-Xmx/-Xms)
#   Decrease number of Java threads
#   Decrease Java thread stack sizes (-Xss)
#   Set larger code cache with -XX:ReservedCodeCacheSize=
#   JVM is running with Unscaled Compressed Oops mode in which the Java heap is
#     placed in the first 4GB address space. The Java Heap base address is the
#     maximum limit for the native heap growth. Please use -XX:HeapBaseMinAddress
#     to set the Java Heap base and to place the Java Heap above 4GB virtual address.
# This output file may be truncated or incomplete.
#
#  Out of Memory Error (arena.cpp:79), pid=9976, tid=2720
#
# JRE version: Java(TM) SE Runtime Environment (16.0.2+7) (build 16.0.2+7-67)
# Java VM: Java HotSpot(TM) 64-Bit Server VM (16.0.2+7-67, mixed mode, sharing, tiered, compressed oops, compressed class ptrs, g1 gc, windows-amd64)
# No core dump will be written. Minidumps are not enabled by default on client versions of Windows
#

---------------  S U M M A R Y ------------

Command Line: -Dfile.encoding=UTF-8 -XX:+ShowCodeDetailsInExceptionMessages amigos.UI_DEMO.tester

Host: Intel(R) Core(TM) i7-8750H CPU @ 2.20GHz, 12 cores, 7G,  Windows 10 , 64 bit Build 19041 (10.0.19041.1202)
Time: Sat Oct 23 21:49:37 2021  Windows 10 , 64 bit Build 19041 (10.0.19041.1202) elapsed time: 2396.672695 seconds (0d 0h 39m 56s)

---------------  T H R E A D  ---------------

Current thread (0x0000018dc7dbad10):  JavaThread "C2 CompilerThread0" daemon [_thread_in_native, id=2720, stack(0x000000777e500000,0x000000777e600000)]


Current CompileTask:
C2:2396672 1079       4       java.util.Arrays::binarySearch0 (95 bytes)

Stack: [0x000000777e500000,0x000000777e600000]
Native frames: (J=compiled Java code, j=interpreted, Vv=VM code, C=native code)
V  [jvm.dll+0x6681ca]
V  [jvm.dll+0x7c9e69]
V  [jvm.dll+0x7cb61e]
V  [jvm.dll+0x7cbc73]
V  [jvm.dll+0x242c55]
V  [jvm.dll+0xae10f]
V  [jvm.dll+0xae45c]
V  [jvm.dll+0x2a521c]
V  [jvm.dll+0x573c29]
V  [jvm.dll+0x21e48e]
V  [jvm.dll+0x21775f]
V  [jvm.dll+0x214ffc]
V  [jvm.dll+0x1a1beb]
V  [jvm.dll+0x225158]
V  [jvm.dll+0x22319c]
V  [jvm.dll+0x77fa62]
V  [jvm.dll+0x7795aa]
V  [jvm.dll+0x667066]
C  [ucrtbase.dll+0x21bb2]
C  [KERNEL32.DLL+0x17034]
C  [ntdll.dll+0x52651]


---------------  P R O C E S S  ---------------

Threads class SMR info:
_java_thread_list=0x0000018dc97d5100, length=16, elements={
0x0000018dc7d94200, 0x0000018dc7d950c0, 0x0000018dc7da2f60, 0x0000018dc7da5c80,
0x0000018dc7da75a0, 0x0000018dc7da7fa0, 0x0000018dc7dbad10, 0x0000018dc7ddb670,
0x0000018dc7de03d0, 0x0000018dc8952c80, 0x0000018dc89558b0, 0x0000018dc8b30a30,
0x0000018dc8b31350, 0x0000018dc8b34330, 0x0000018dc8bc2040, 0x0000018da993c410
}

Java Threads: ( => current thread )
  0x0000018dc7d94200 JavaThread "Reference Handler" daemon [_thread_blocked, id=7944, stack(0x000000777df00000,0x000000777e000000)]
  0x0000018dc7d950c0 JavaThread "Finalizer" daemon [_thread_blocked, id=18420, stack(0x000000777e000000,0x000000777e100000)]
  0x0000018dc7da2f60 JavaThread "Signal Dispatcher" daemon [_thread_blocked, id=18648, stack(0x000000777e100000,0x000000777e200000)]
  0x0000018dc7da5c80 JavaThread "Attach Listener" daemon [_thread_blocked, id=3956, stack(0x000000777e200000,0x000000777e300000)]
  0x0000018dc7da75a0 JavaThread "Service Thread" daemon [_thread_blocked, id=1132, stack(0x000000777e300000,0x000000777e400000)]
  0x0000018dc7da7fa0 JavaThread "Monitor Deflation Thread" daemon [_thread_blocked, id=7988, stack(0x000000777e400000,0x000000777e500000)]
=>0x0000018dc7dbad10 JavaThread "C2 CompilerThread0" daemon [_thread_in_native, id=2720, stack(0x000000777e500000,0x000000777e600000)]
  0x0000018dc7ddb670 JavaThread "C1 CompilerThread0" daemon [_thread_blocked, id=3540, stack(0x000000777e600000,0x000000777e700000)]
  0x0000018dc7de03d0 JavaThread "Sweeper thread" daemon [_thread_blocked, id=9816, stack(0x000000777e700000,0x000000777e800000)]
  0x0000018dc8952c80 JavaThread "Notification Thread" daemon [_thread_blocked, id=15752, stack(0x000000777e800000,0x000000777e900000)]
  0x0000018dc89558b0 JavaThread "Common-Cleaner" daemon [_thread_blocked, id=17224, stack(0x000000777ea00000,0x000000777eb00000)]
  0x0000018dc8b30a30 JavaThread "Java2D Disposer" daemon [_thread_blocked, id=12652, stack(0x000000777eb00000,0x000000777ec00000)]
  0x0000018dc8b31350 JavaThread "AWT-Shutdown" [_thread_blocked, id=7912, stack(0x000000777ec00000,0x000000777ed00000)]
  0x0000018dc8b34330 JavaThread "AWT-Windows" daemon [_thread_in_native, id=14020, stack(0x000000777ed00000,0x000000777ee00000)]
  0x0000018dc8bc2040 JavaThread "AWT-EventQueue-0" [_thread_blocked, id=17584, stack(0x000000777ee00000,0x000000777ef00000)]
  0x0000018da993c410 JavaThread "DestroyJavaVM" [_thread_blocked, id=11312, stack(0x000000777d800000,0x000000777d900000)]

Other Threads:
  0x0000018dc7d905b0 VMThread "VM Thread" [stack: 0x000000777de00000,0x000000777df00000] [id=10844]
  0x0000018dc89535b0 WatcherThread [stack: 0x000000777e900000,0x000000777ea00000] [id=5928]
  0x0000018da997c390 GCTaskThread "GC Thread#0" [stack: 0x000000777d900000,0x000000777da00000] [id=12812]
  0x0000018da998e1a0 ConcurrentGCThread "G1 Main Marker" [stack: 0x000000777da00000,0x000000777db00000] [id=11060]
  0x0000018da998f430 ConcurrentGCThread "G1 Conc#0" [stack: 0x000000777db00000,0x000000777dc00000] [id=10408]
  0x0000018dc7c420c0 ConcurrentGCThread "G1 Refine#0" [stack: 0x000000777dc00000,0x000000777dd00000] [id=16640]
  0x0000018dc7c42bc0 ConcurrentGCThread "G1 Service" [stack: 0x000000777dd00000,0x000000777de00000] [id=15632]

Threads with active compile tasks:
C2 CompilerThread0  2396704 1079       4       java.util.Arrays::binarySearch0 (95 bytes)

VM state: not at safepoint (normal execution)

VM Mutex/Monitor currently owned by a thread: None

Heap address: 0x0000000081a00000, size: 2022 MB, Compressed Oops mode: 32-bit

CDS archive(s) mapped at: [0x0000000800000000-0x0000000800bb0000-0x0000000800bb0000), size 12255232, SharedBaseAddress: 0x0000000800000000, ArchiveRelocationMode: 0.
Compressed class space mapped at: 0x0000000800c00000-0x0000000840c00000, reserved size: 1073741824
Narrow klass base: 0x0000000800000000, Narrow klass shift: 3, Narrow klass range: 0x100000000

GC Precious Log:
 CPUs: 12 total, 12 available
 Memory: 8080M
 Large Page Support: Disabled
 NUMA Support: Disabled
 Compressed Oops: Enabled (32-bit)
 Heap Region Size: 1M
 Heap Min Capacity: 8M
 Heap Initial Capacity: 128M
 Heap Max Capacity: 2022M
 Pre-touch: Disabled
 Parallel Workers: 10
 Concurrent Workers: 3
 Concurrent Refinement Workers: 10
 Periodic GC: Disabled

Heap:
 garbage-first heap   total 131072K, used 14336K [0x0000000081a00000, 0x0000000100000000)
  region size 1024K, 13 young (13312K), 0 survivors (0K)
 Metaspace       used 7011K, committed 7168K, reserved 1056768K
  class space    used 718K, committed 832K, reserved 1048576K

Heap Regions: E=young(eden), S=young(survivor), O=old, HS=humongous(starts), HC=humongous(continues), CS=collection set, F=free, OA=open archive, CA=closed archive, TAMS=top-at-mark-start (previous, next)
|   0|0x0000000081a00000, 0x0000000081b00000, 0x0000000081b00000|100%|HS|  |TAMS 0x0000000081a00000, 0x0000000081a00000| Complete 
|   1|0x0000000081b00000, 0x0000000081c00000, 0x0000000081c00000|100%|HC|  |TAMS 0x0000000081b00000, 0x0000000081b00000| Complete 
|   2|0x0000000081c00000, 0x0000000081c00000, 0x0000000081d00000|  0%| F|  |TAMS 0x0000000081c00000, 0x0000000081c00000| Untracked 
|   3|0x0000000081d00000, 0x0000000081d00000, 0x0000000081e00000|  0%| F|  |TAMS 0x0000000081d00000, 0x0000000081d00000| Untracked 
|   4|0x0000000081e00000, 0x0000000081e00000, 0x0000000081f00000|  0%| F|  |TAMS 0x0000000081e00000, 0x0000000081e00000| Untracked 
|   5|0x0000000081f00000, 0x0000000081f00000, 0x0000000082000000|  0%| F|  |TAMS 0x0000000081f00000, 0x0000000081f00000| Untracked 
|   6|0x0000000082000000, 0x0000000082000000, 0x0000000082100000|  0%| F|  |TAMS 0x0000000082000000, 0x0000000082000000| Untracked 
|   7|0x0000000082100000, 0x0000000082100000, 0x0000000082200000|  0%| F|  |TAMS 0x0000000082100000, 0x0000000082100000| Untracked 
|   8|0x0000000082200000, 0x0000000082200000, 0x0000000082300000|  0%| F|  |TAMS 0x0000000082200000, 0x0000000082200000| Untracked 
|   9|0x0000000082300000, 0x0000000082300000, 0x0000000082400000|  0%| F|  |TAMS 0x0000000082300000, 0x0000000082300000| Untracked 
|  10|0x0000000082400000, 0x0000000082400000, 0x0000000082500000|  0%| F|  |TAMS 0x0000000082400000, 0x0000000082400000| Untracked 
|  11|0x0000000082500000, 0x0000000082500000, 0x0000000082600000|  0%| F|  |TAMS 0x0000000082500000, 0x0000000082500000| Untracked 
|  12|0x0000000082600000, 0x0000000082600000, 0x0000000082700000|  0%| F|  |TAMS 0x0000000082600000, 0x0000000082600000| Untracked 
|  13|0x0000000082700000, 0x0000000082700000, 0x0000000082800000|  0%| F|  |TAMS 0x0000000082700000, 0x0000000082700000| Untracked 
|  14|0x0000000082800000, 0x0000000082800000, 0x0000000082900000|  0%| F|  |TAMS 0x0000000082800000, 0x0000000082800000| Untracked 
|  15|0x0000000082900000, 0x0000000082900000, 0x0000000082a00000|  0%| F|  |TAMS 0x0000000082900000, 0x0000000082900000| Untracked 
|  16|0x0000000082a00000, 0x0000000082a00000, 0x0000000082b00000|  0%| F|  |TAMS 0x0000000082a00000, 0x0000000082a00000| Untracked 
|  17|0x0000000082b00000, 0x0000000082b00000, 0x0000000082c00000|  0%| F|  |TAMS 0x0000000082b00000, 0x0000000082b00000| Untracked 
|  18|0x0000000082c00000, 0x0000000082c00000, 0x0000000082d00000|  0%| F|  |TAMS 0x0000000082c00000, 0x0000000082c00000| Untracked 
|  19|0x0000000082d00000, 0x0000000082d00000, 0x0000000082e00000|  0%| F|  |TAMS 0x0000000082d00000, 0x0000000082d00000| Untracked 
|  20|0x0000000082e00000, 0x0000000082e00000, 0x0000000082f00000|  0%| F|  |TAMS 0x0000000082e00000, 0x0000000082e00000| Untracked 
|  21|0x0000000082f00000, 0x0000000082f00000, 0x0000000083000000|  0%| F|  |TAMS 0x0000000082f00000, 0x0000000082f00000| Untracked 
|  22|0x0000000083000000, 0x0000000083000000, 0x0000000083100000|  0%| F|  |TAMS 0x0000000083000000, 0x0000000083000000| Untracked 
|  23|0x0000000083100000, 0x0000000083100000, 0x0000000083200000|  0%| F|  |TAMS 0x0000000083100000, 0x0000000083100000| Untracked 
|  24|0x0000000083200000, 0x0000000083200000, 0x0000000083300000|  0%| F|  |TAMS 0x0000000083200000, 0x0000000083200000| Untracked 
|  25|0x0000000083300000, 0x0000000083300000, 0x0000000083400000|  0%| F|  |TAMS 0x0000000083300000, 0x0000000083300000| Untracked 
|  26|0x0000000083400000, 0x0000000083400000, 0x0000000083500000|  0%| F|  |TAMS 0x0000000083400000, 0x0000000083400000| Untracked 
|  27|0x0000000083500000, 0x0000000083500000, 0x0000000083600000|  0%| F|  |TAMS 0x0000000083500000, 0x0000000083500000| Untracked 
|  28|0x0000000083600000, 0x0000000083600000, 0x0000000083700000|  0%| F|  |TAMS 0x0000000083600000, 0x0000000083600000| Untracked 
|  29|0x0000000083700000, 0x0000000083700000, 0x0000000083800000|  0%| F|  |TAMS 0x0000000083700000, 0x0000000083700000| Untracked 
|  30|0x0000000083800000, 0x0000000083800000, 0x0000000083900000|  0%| F|  |TAMS 0x0000000083800000, 0x0000000083800000| Untracked 
|  31|0x0000000083900000, 0x0000000083900000, 0x0000000083a00000|  0%| F|  |TAMS 0x0000000083900000, 0x0000000083900000| Untracked 
|  32|0x0000000083a00000, 0x0000000083a00000, 0x0000000083b00000|  0%| F|  |TAMS 0x0000000083a00000, 0x0000000083a00000| Untracked 
|  33|0x0000000083b00000, 0x0000000083b00000, 0x0000000083c00000|  0%| F|  |TAMS 0x0000000083b00000, 0x0000000083b00000| Untracked 
|  34|0x0000000083c00000, 0x0000000083c00000, 0x0000000083d00000|  0%| F|  |TAMS 0x0000000083c00000, 0x0000000083c00000| Untracked 
|  35|0x0000000083d00000, 0x0000000083d00000, 0x0000000083e00000|  0%| F|  |TAMS 0x0000000083d00000, 0x0000000083d00000| Untracked 
|  36|0x0000000083e00000, 0x0000000083e00000, 0x0000000083f00000|  0%| F|  |TAMS 0x0000000083e00000, 0x0000000083e00000| Untracked 
|  37|0x0000000083f00000, 0x0000000083f00000, 0x0000000084000000|  0%| F|  |TAMS 0x0000000083f00000, 0x0000000083f00000| Untracked 
|  38|0x0000000084000000, 0x0000000084000000, 0x0000000084100000|  0%| F|  |TAMS 0x0000000084000000, 0x0000000084000000| Untracked 
|  39|0x0000000084100000, 0x0000000084100000, 0x0000000084200000|  0%| F|  |TAMS 0x0000000084100000, 0x0000000084100000| Untracked 
|  40|0x0000000084200000, 0x0000000084200000, 0x0000000084300000|  0%| F|  |TAMS 0x0000000084200000, 0x0000000084200000| Untracked 
|  41|0x0000000084300000, 0x0000000084300000, 0x0000000084400000|  0%| F|  |TAMS 0x0000000084300000, 0x0000000084300000| Untracked 
|  42|0x0000000084400000, 0x0000000084400000, 0x0000000084500000|  0%| F|  |TAMS 0x0000000084400000, 0x0000000084400000| Untracked 
|  43|0x0000000084500000, 0x0000000084500000, 0x0000000084600000|  0%| F|  |TAMS 0x0000000084500000, 0x0000000084500000| Untracked 
|  44|0x0000000084600000, 0x0000000084600000, 0x0000000084700000|  0%| F|  |TAMS 0x0000000084600000, 0x0000000084600000| Untracked 
|  45|0x0000000084700000, 0x0000000084700000, 0x0000000084800000|  0%| F|  |TAMS 0x0000000084700000, 0x0000000084700000| Untracked 
|  46|0x0000000084800000, 0x0000000084800000, 0x0000000084900000|  0%| F|  |TAMS 0x0000000084800000, 0x0000000084800000| Untracked 
|  47|0x0000000084900000, 0x0000000084900000, 0x0000000084a00000|  0%| F|  |TAMS 0x0000000084900000, 0x0000000084900000| Untracked 
|  48|0x0000000084a00000, 0x0000000084a00000, 0x0000000084b00000|  0%| F|  |TAMS 0x0000000084a00000, 0x0000000084a00000| Untracked 
|  49|0x0000000084b00000, 0x0000000084b00000, 0x0000000084c00000|  0%| F|  |TAMS 0x0000000084b00000, 0x0000000084b00000| Untracked 
|  50|0x0000000084c00000, 0x0000000084c00000, 0x0000000084d00000|  0%| F|  |TAMS 0x0000000084c00000, 0x0000000084c00000| Untracked 
|  51|0x0000000084d00000, 0x0000000084d00000, 0x0000000084e00000|  0%| F|  |TAMS 0x0000000084d00000, 0x0000000084d00000| Untracked 
|  52|0x0000000084e00000, 0x0000000084e00000, 0x0000000084f00000|  0%| F|  |TAMS 0x0000000084e00000, 0x0000000084e00000| Untracked 
|  53|0x0000000084f00000, 0x0000000084f00000, 0x0000000085000000|  0%| F|  |TAMS 0x0000000084f00000, 0x0000000084f00000| Untracked 
|  54|0x0000000085000000, 0x0000000085000000, 0x0000000085100000|  0%| F|  |TAMS 0x0000000085000000, 0x0000000085000000| Untracked 
|  55|0x0000000085100000, 0x0000000085100000, 0x0000000085200000|  0%| F|  |TAMS 0x0000000085100000, 0x0000000085100000| Untracked 
|  56|0x0000000085200000, 0x0000000085200000, 0x0000000085300000|  0%| F|  |TAMS 0x0000000085200000, 0x0000000085200000| Untracked 
|  57|0x0000000085300000, 0x0000000085300000, 0x0000000085400000|  0%| F|  |TAMS 0x0000000085300000, 0x0000000085300000| Untracked 
|  58|0x0000000085400000, 0x0000000085400000, 0x0000000085500000|  0%| F|  |TAMS 0x0000000085400000, 0x0000000085400000| Untracked 
|  59|0x0000000085500000, 0x0000000085500000, 0x0000000085600000|  0%| F|  |TAMS 0x0000000085500000, 0x0000000085500000| Untracked 
|  60|0x0000000085600000, 0x0000000085600000, 0x0000000085700000|  0%| F|  |TAMS 0x0000000085600000, 0x0000000085600000| Untracked 
|  61|0x0000000085700000, 0x0000000085700000, 0x0000000085800000|  0%| F|  |TAMS 0x0000000085700000, 0x0000000085700000| Untracked 
|  62|0x0000000085800000, 0x0000000085800000, 0x0000000085900000|  0%| F|  |TAMS 0x0000000085800000, 0x0000000085800000| Untracked 
|  63|0x0000000085900000, 0x0000000085900000, 0x0000000085a00000|  0%| F|  |TAMS 0x0000000085900000, 0x0000000085900000| Untracked 
|  64|0x0000000085a00000, 0x0000000085a00000, 0x0000000085b00000|  0%| F|  |TAMS 0x0000000085a00000, 0x0000000085a00000| Untracked 
|  65|0x0000000085b00000, 0x0000000085b00000, 0x0000000085c00000|  0%| F|  |TAMS 0x0000000085b00000, 0x0000000085b00000| Untracked 
|  66|0x0000000085c00000, 0x0000000085c00000, 0x0000000085d00000|  0%| F|  |TAMS 0x0000000085c00000, 0x0000000085c00000| Untracked 
|  67|0x0000000085d00000, 0x0000000085d00000, 0x0000000085e00000|  0%| F|  |TAMS 0x0000000085d00000, 0x0000000085d00000| Untracked 
|  68|0x0000000085e00000, 0x0000000085e00000, 0x0000000085f00000|  0%| F|  |TAMS 0x0000000085e00000, 0x0000000085e00000| Untracked 
|  69|0x0000000085f00000, 0x0000000085f00000, 0x0000000086000000|  0%| F|  |TAMS 0x0000000085f00000, 0x0000000085f00000| Untracked 
|  70|0x0000000086000000, 0x0000000086000000, 0x0000000086100000|  0%| F|  |TAMS 0x0000000086000000, 0x0000000086000000| Untracked 
|  71|0x0000000086100000, 0x0000000086100000, 0x0000000086200000|  0%| F|  |TAMS 0x0000000086100000, 0x0000000086100000| Untracked 
|  72|0x0000000086200000, 0x0000000086200000, 0x0000000086300000|  0%| F|  |TAMS 0x0000000086200000, 0x0000000086200000| Untracked 
|  73|0x0000000086300000, 0x0000000086300000, 0x0000000086400000|  0%| F|  |TAMS 0x0000000086300000, 0x0000000086300000| Untracked 
|  74|0x0000000086400000, 0x0000000086400000, 0x0000000086500000|  0%| F|  |TAMS 0x0000000086400000, 0x0000000086400000| Untracked 
|  75|0x0000000086500000, 0x0000000086500000, 0x0000000086600000|  0%| F|  |TAMS 0x0000000086500000, 0x0000000086500000| Untracked 
|  76|0x0000000086600000, 0x0000000086600000, 0x0000000086700000|  0%| F|  |TAMS 0x0000000086600000, 0x0000000086600000| Untracked 
|  77|0x0000000086700000, 0x0000000086700000, 0x0000000086800000|  0%| F|  |TAMS 0x0000000086700000, 0x0000000086700000| Untracked 
|  78|0x0000000086800000, 0x0000000086800000, 0x0000000086900000|  0%| F|  |TAMS 0x0000000086800000, 0x0000000086800000| Untracked 
|  79|0x0000000086900000, 0x0000000086900000, 0x0000000086a00000|  0%| F|  |TAMS 0x0000000086900000, 0x0000000086900000| Untracked 
|  80|0x0000000086a00000, 0x0000000086a00000, 0x0000000086b00000|  0%| F|  |TAMS 0x0000000086a00000, 0x0000000086a00000| Untracked 
|  81|0x0000000086b00000, 0x0000000086b00000, 0x0000000086c00000|  0%| F|  |TAMS 0x0000000086b00000, 0x0000000086b00000| Untracked 
|  82|0x0000000086c00000, 0x0000000086c00000, 0x0000000086d00000|  0%| F|  |TAMS 0x0000000086c00000, 0x0000000086c00000| Untracked 
|  83|0x0000000086d00000, 0x0000000086d00000, 0x0000000086e00000|  0%| F|  |TAMS 0x0000000086d00000, 0x0000000086d00000| Untracked 
|  84|0x0000000086e00000, 0x0000000086e00000, 0x0000000086f00000|  0%| F|  |TAMS 0x0000000086e00000, 0x0000000086e00000| Untracked 
|  85|0x0000000086f00000, 0x0000000086f00000, 0x0000000087000000|  0%| F|  |TAMS 0x0000000086f00000, 0x0000000086f00000| Untracked 
|  86|0x0000000087000000, 0x0000000087000000, 0x0000000087100000|  0%| F|  |TAMS 0x0000000087000000, 0x0000000087000000| Untracked 
|  87|0x0000000087100000, 0x0000000087100000, 0x0000000087200000|  0%| F|  |TAMS 0x0000000087100000, 0x0000000087100000| Untracked 
|  88|0x0000000087200000, 0x0000000087200000, 0x0000000087300000|  0%| F|  |TAMS 0x0000000087200000, 0x0000000087200000| Untracked 
|  89|0x0000000087300000, 0x0000000087300000, 0x0000000087400000|  0%| F|  |TAMS 0x0000000087300000, 0x0000000087300000| Untracked 
|  90|0x0000000087400000, 0x0000000087400000, 0x0000000087500000|  0%| F|  |TAMS 0x0000000087400000, 0x0000000087400000| Untracked 
|  91|0x0000000087500000, 0x0000000087500000, 0x0000000087600000|  0%| F|  |TAMS 0x0000000087500000, 0x0000000087500000| Untracked 
|  92|0x0000000087600000, 0x0000000087600000, 0x0000000087700000|  0%| F|  |TAMS 0x0000000087600000, 0x0000000087600000| Untracked 
|  93|0x0000000087700000, 0x0000000087700000, 0x0000000087800000|  0%| F|  |TAMS 0x0000000087700000, 0x0000000087700000| Untracked 
|  94|0x0000000087800000, 0x0000000087800000, 0x0000000087900000|  0%| F|  |TAMS 0x0000000087800000, 0x0000000087800000| Untracked 
|  95|0x0000000087900000, 0x0000000087900000, 0x0000000087a00000|  0%| F|  |TAMS 0x0000000087900000, 0x0000000087900000| Untracked 
|  96|0x0000000087a00000, 0x0000000087a00000, 0x0000000087b00000|  0%| F|  |TAMS 0x0000000087a00000, 0x0000000087a00000| Untracked 
|  97|0x0000000087b00000, 0x0000000087b00000, 0x0000000087c00000|  0%| F|  |TAMS 0x0000000087b00000, 0x0000000087b00000| Untracked 
|  98|0x0000000087c00000, 0x0000000087c00000, 0x0000000087d00000|  0%| F|  |TAMS 0x0000000087c00000, 0x0000000087c00000| Untracked 
|  99|0x0000000087d00000, 0x0000000087d00000, 0x0000000087e00000|  0%| F|  |TAMS 0x0000000087d00000, 0x0000000087d00000| Untracked 
| 100|0x0000000087e00000, 0x0000000087e00000, 0x0000000087f00000|  0%| F|  |TAMS 0x0000000087e00000, 0x0000000087e00000| Untracked 
| 101|0x0000000087f00000, 0x0000000087f00000, 0x0000000088000000|  0%| F|  |TAMS 0x0000000087f00000, 0x0000000087f00000| Untracked 
| 102|0x0000000088000000, 0x0000000088000000, 0x0000000088100000|  0%| F|  |TAMS 0x0000000088000000, 0x0000000088000000| Untracked 
| 103|0x0000000088100000, 0x0000000088100000, 0x0000000088200000|  0%| F|  |TAMS 0x0000000088100000, 0x0000000088100000| Untracked 
| 104|0x0000000088200000, 0x0000000088200000, 0x0000000088300000|  0%| F|  |TAMS 0x0000000088200000, 0x0000000088200000| Untracked 
| 105|0x0000000088300000, 0x0000000088300000, 0x0000000088400000|  0%| F|  |TAMS 0x0000000088300000, 0x0000000088300000| Untracked 
| 106|0x0000000088400000, 0x0000000088400000, 0x0000000088500000|  0%| F|  |TAMS 0x0000000088400000, 0x0000000088400000| Untracked 
| 107|0x0000000088500000, 0x0000000088500000, 0x0000000088600000|  0%| F|  |TAMS 0x0000000088500000, 0x0000000088500000| Untracked 
| 108|0x0000000088600000, 0x0000000088600000, 0x0000000088700000|  0%| F|  |TAMS 0x0000000088600000, 0x0000000088600000| Untracked 
| 109|0x0000000088700000, 0x0000000088700000, 0x0000000088800000|  0%| F|  |TAMS 0x0000000088700000, 0x0000000088700000| Untracked 
| 110|0x0000000088800000, 0x0000000088800000, 0x0000000088900000|  0%| F|  |TAMS 0x0000000088800000, 0x0000000088800000| Untracked 
| 111|0x0000000088900000, 0x0000000088900000, 0x0000000088a00000|  0%| F|  |TAMS 0x0000000088900000, 0x0000000088900000| Untracked 
| 112|0x0000000088a00000, 0x0000000088a00000, 0x0000000088b00000|  0%| F|  |TAMS 0x0000000088a00000, 0x0000000088a00000| Untracked 
| 113|0x0000000088b00000, 0x0000000088b00000, 0x0000000088c00000|  0%| F|  |TAMS 0x0000000088b00000, 0x0000000088b00000| Untracked 
| 114|0x0000000088c00000, 0x0000000088c00000, 0x0000000088d00000|  0%| F|  |TAMS 0x0000000088c00000, 0x0000000088c00000| Untracked 
| 115|0x0000000088d00000, 0x0000000088d76448, 0x0000000088e00000| 46%| E|  |TAMS 0x0000000088d00000, 0x0000000088d00000| Complete 
| 116|0x0000000088e00000, 0x0000000088f00000, 0x0000000088f00000|100%| E|CS|TAMS 0x0000000088e00000, 0x0000000088e00000| Complete 
| 117|0x0000000088f00000, 0x0000000089000000, 0x0000000089000000|100%| E|CS|TAMS 0x0000000088f00000, 0x0000000088f00000| Complete 
| 118|0x0000000089000000, 0x0000000089100000, 0x0000000089100000|100%| E|CS|TAMS 0x0000000089000000, 0x0000000089000000| Complete 
| 119|0x0000000089100000, 0x0000000089200000, 0x0000000089200000|100%| E|CS|TAMS 0x0000000089100000, 0x0000000089100000| Complete 
| 120|0x0000000089200000, 0x0000000089300000, 0x0000000089300000|100%| E|CS|TAMS 0x0000000089200000, 0x0000000089200000| Complete 
| 121|0x0000000089300000, 0x0000000089400000, 0x0000000089400000|100%| E|CS|TAMS 0x0000000089300000, 0x0000000089300000| Complete 
| 122|0x0000000089400000, 0x0000000089500000, 0x0000000089500000|100%| E|CS|TAMS 0x0000000089400000, 0x0000000089400000| Complete 
| 123|0x0000000089500000, 0x0000000089600000, 0x0000000089600000|100%| E|CS|TAMS 0x0000000089500000, 0x0000000089500000| Complete 
| 124|0x0000000089600000, 0x0000000089700000, 0x0000000089700000|100%| E|CS|TAMS 0x0000000089600000, 0x0000000089600000| Complete 
| 125|0x0000000089700000, 0x0000000089800000, 0x0000000089800000|100%| E|CS|TAMS 0x0000000089700000, 0x0000000089700000| Complete 
| 126|0x0000000089800000, 0x0000000089900000, 0x0000000089900000|100%| E|CS|TAMS 0x0000000089800000, 0x0000000089800000| Complete 
| 127|0x0000000089900000, 0x0000000089a00000, 0x0000000089a00000|100%| E|CS|TAMS 0x0000000089900000, 0x0000000089900000| Complete 

Card table byte_map: [0x0000018dc0a20000,0x0000018dc0e20000] _byte_map_base: 0x0000018dc0613000

Marking Bits (Prev, Next): (CMBitMap*) 0x0000018da997da90, (CMBitMap*) 0x0000018da997dad0
 Prev Bits: [0x0000018dc1220000, 0x0000018dc31b8000)
 Next Bits: [0x0000018dc31c0000, 0x0000018dc5158000)

Polling page: 0x0000018da9120000

Metaspace:

Usage:
  Non-class:      6.15 MB used.
      Class:    718.70 KB used.
       Both:      6.85 MB used.

Virtual space:
  Non-class space:        8.00 MB reserved,       6.19 MB ( 77%) committed,  1 nodes.
      Class space:        1.00 GB reserved,     832.00 KB ( <1%) committed,  1 nodes.
              Both:        1.01 GB reserved,       7.00 MB ( <1%) committed. 

Chunk freelists:
   Non-Class:  1.00 MB
       Class:  3.24 MB
        Both:  4.24 MB

MaxMetaspaceSize: 17179869184.00 GB
CompressedClassSpaceSize: 1.00 GB
 - commit_granule_bytes: 65536.
 - commit_granule_words: 8192.
 - virtual_space_node_default_size: 1048576.
 - enlarge_chunks_in_place: 1.
 - new_chunks_are_fully_committed: 0.
 - uncommit_free_chunks: 1.
 - use_allocation_guard: 0.
 - handle_deallocations: 1.


Internal statistics:

num_allocs_failed_limit: 0.
num_arena_births: 108.
num_arena_deaths: 0.
num_vsnodes_births: 2.
num_vsnodes_deaths: 0.
num_space_committed: 112.
num_space_uncommitted: 0.
num_chunks_returned_to_freelist: 0.
num_chunks_taken_from_freelist: 135.
num_chunk_merges: 0.
num_chunk_splits: 84.
num_chunks_enlarged: 43.
num_purges: 0.

CodeHeap 'non-profiled nmethods': size=120000Kb used=301Kb max_used=301Kb free=119698Kb
 bounds [0x0000018db8b90000, 0x0000018db8e00000, 0x0000018dc00c0000]
CodeHeap 'profiled nmethods': size=120000Kb used=1915Kb max_used=1915Kb free=118084Kb
 bounds [0x0000018db1660000, 0x0000018db18d0000, 0x0000018db8b90000]
CodeHeap 'non-nmethods': size=5760Kb used=1250Kb max_used=1290Kb free=4509Kb
 bounds [0x0000018db10c0000, 0x0000018db1330000, 0x0000018db1660000]
 total_blobs=1641 nmethods=1077 adapters=477
 compilation: enabled
              stopped_count=0, restarted_count=0
 full_count=0

Compilation events (20 events):
Event: 1.772 Thread 0x0000018dc7ddb670 nmethod 1067 0x0000018db182f290 code [0x0000018db182f480, 0x0000018db182f918]
Event: 1.772 Thread 0x0000018dc7ddb670 1068       3       java.util.concurrent.locks.AbstractQueuedSynchronizer::casTail (13 bytes)
Event: 1.772 Thread 0x0000018dc7ddb670 nmethod 1068 0x0000018db182fb10 code [0x0000018db182fca0, 0x0000018db182fe18]
Event: 1.818 Thread 0x0000018dc7ddb670 1070       3       java.awt.Component::dispatchEventImpl (777 bytes)
Event: 1.820 Thread 0x0000018dc7ddb670 nmethod 1070 0x0000018db182fe90 code [0x0000018db18306c0, 0x0000018db1836d78]
Event: 1.821 Thread 0x0000018dc7ddb670 1071       3       java.awt.LightweightDispatcher::dispatchEvent (73 bytes)
Event: 1.822 Thread 0x0000018dc7ddb670 nmethod 1071 0x0000018db1837f90 code [0x0000018db1838180, 0x0000018db1838948]
Event: 1.889 Thread 0x0000018dc7ddb670 1072       3       java.awt.event.InputEvent::<init> (26 bytes)
Event: 1.889 Thread 0x0000018dc7ddb670 nmethod 1072 0x0000018db1838a90 code [0x0000018db1838c40, 0x0000018db1838e38]
Event: 1.889 Thread 0x0000018dc7ddb670 1073   !   3       java.awt.event.InputEvent::canAccessSystemClipboard (57 bytes)
Event: 1.890 Thread 0x0000018dc7ddb670 nmethod 1073 0x0000018db1838f90 code [0x0000018db1839240, 0x0000018db1839fe8]
Event: 1.926 Thread 0x0000018dc7ddb670 1074   !   3       java.awt.KeyboardFocusManager::processCurrentLightweightRequests (345 bytes)
Event: 1.927 Thread 0x0000018dc7ddb670 nmethod 1074 0x0000018db183a510 code [0x0000018db183a960, 0x0000018db183cbf8]
Event: 1.927 Thread 0x0000018dc7ddb670 1075       3       java.util.concurrent.locks.AbstractQueuedSynchronizer$ConditionObject::doSignal (54 bytes)
Event: 1.927 Thread 0x0000018dc7ddb670 nmethod 1075 0x0000018db183da90 code [0x0000018db183dc60, 0x0000018db183e018]
Event: 1.932 Thread 0x0000018dc7ddb670 1076       3       java.awt.Window::eventEnabled (138 bytes)
Event: 1.932 Thread 0x0000018dc7ddb670 nmethod 1076 0x0000018db183e190 code [0x0000018db183e380, 0x0000018db183e8e8]
Event: 2.316 Thread 0x0000018dc7ddb670 1077       3       java.awt.Component::checkTreeLock (21 bytes)
Event: 2.316 Thread 0x0000018dc7ddb670 nmethod 1077 0x0000018db183e990 code [0x0000018db183eb60, 0x0000018db183edf8]
Event: 2396.417 Thread 0x0000018dc7dbad10 1079       4       java.util.Arrays::binarySearch0 (95 bytes)

GC Heap History (0 events):
No events

Deoptimization events (18 events):
Event: 0.090 Thread 0x0000018da993c410 Uncommon trap: trap_request=0xffffff45 fr.pc=0x0000018db8b965a4 relative=0x0000000000000084
Event: 0.090 Thread 0x0000018da993c410 Uncommon trap: reason=unstable_if action=reinterpret pc=0x0000018db8b965a4 method=java.lang.String.charAt(I)C @ 4 c2
Event: 0.090 Thread 0x0000018da993c410 DEOPT PACKING pc=0x0000018db8b965a4 sp=0x000000777d8fcd30
Event: 0.090 Thread 0x0000018da993c410 DEOPT UNPACKING pc=0x0000018db110d72e sp=0x000000777d8fccd0 mode 2
Event: 0.145 Thread 0x0000018da993c410 Uncommon trap: trap_request=0xffffff45 fr.pc=0x0000018db8b9ebdc relative=0x000000000000023c
Event: 0.145 Thread 0x0000018da993c410 Uncommon trap: reason=unstable_if action=reinterpret pc=0x0000018db8b9ebdc method=java.lang.String.hashCode()I @ 20 c2
Event: 0.145 Thread 0x0000018da993c410 DEOPT PACKING pc=0x0000018db8b9ebdc sp=0x000000777d8fdaa0
Event: 0.145 Thread 0x0000018da993c410 DEOPT UNPACKING pc=0x0000018db110d72e sp=0x000000777d8fda30 mode 2
Event: 0.273 Thread 0x0000018dc8bc2040 Uncommon trap: trap_request=0xffffff45 fr.pc=0x0000018db8baf02c relative=0x000000000000018c
Event: 0.273 Thread 0x0000018dc8bc2040 Uncommon trap: reason=unstable_if action=reinterpret pc=0x0000018db8baf02c method=java.lang.String.equals(Ljava/lang/Object;)Z @ 33 c2
Event: 0.273 Thread 0x0000018dc8bc2040 DEOPT PACKING pc=0x0000018db8baf02c sp=0x000000777eefd130
Event: 0.273 Thread 0x0000018dc8bc2040 DEOPT UNPACKING pc=0x0000018db110d72e sp=0x000000777eefd0d0 mode 2
Event: 0.312 Thread 0x0000018dc8bc2040 DEOPT PACKING pc=0x0000018db16754e7 sp=0x000000777eefcd10
Event: 0.312 Thread 0x0000018dc8bc2040 DEOPT UNPACKING pc=0x0000018db110dece sp=0x000000777eefc130 mode 0
Event: 1.992 Thread 0x0000018dc8bc2040 Uncommon trap: trap_request=0xffffff45 fr.pc=0x0000018db8bda9d0 relative=0x00000000000000b0
Event: 1.992 Thread 0x0000018dc8bc2040 Uncommon trap: reason=unstable_if action=reinterpret pc=0x0000018db8bda9d0 method=java.awt.Component.inside(II)Z @ 13 c2
Event: 1.992 Thread 0x0000018dc8bc2040 DEOPT PACKING pc=0x0000018db8bda9d0 sp=0x000000777eefe780
Event: 1.992 Thread 0x0000018dc8bc2040 DEOPT UNPACKING pc=0x0000018db110d72e sp=0x000000777eefe620 mode 2

Classes unloaded (0 events):
No events

Classes redefined (0 events):
No events

Internal exceptions (14 events):
Event: 0.059 Thread 0x0000018da993c410 Exception <a 'java/lang/NoSuchMethodError'{0x000000008984b448}: 'void java.lang.invoke.DirectMethodHandle$Holder.invokeSpecial(java.lang.Object, java.lang.Object, java.lang.Object)'> (0x000000008984b448) 
thrown [t:\workspace\open\src\hotspot\share\interpreter\linkResolver.cpp, line 790]
Event: 0.071 Thread 0x0000018da993c410 Exception <a 'java/lang/ClassNotFoundException'{0x000000008986caf8}: sun/awt/resources/spi/awtProvider> (0x000000008986caf8) 
thrown [t:\workspace\open\src\hotspot\share\classfile\systemDictionary.cpp, line 256]
Event: 0.090 Thread 0x0000018da993c410 Exception <a 'java/io/FileNotFoundException'{0x000000008973e608}> (0x000000008973e608) 
thrown [t:\workspace\open\src\hotspot\share\prims\jni.cpp, line 579]
Event: 0.095 Thread 0x0000018da993c410 Exception <a 'java/io/FileNotFoundException'{0x000000008976d000}> (0x000000008976d000) 
thrown [t:\workspace\open\src\hotspot\share\prims\jni.cpp, line 579]
Event: 0.096 Thread 0x0000018da993c410 Exception <a 'java/lang/NoSuchMethodError'{0x000000008976e230}: 'java.lang.Object java.lang.invoke.DirectMethodHandle$Holder.invokeStatic(java.lang.Object)'> (0x000000008976e230) 
thrown [t:\workspace\open\src\hotspot\share\interpreter\linkResolver.cpp, line 790]
Event: 0.124 Thread 0x0000018da993c410 Exception <a 'java/lang/NoSuchMethodError'{0x00000000897b9748}: 'java.lang.Object java.lang.invoke.DirectMethodHandle$Holder.invokeStaticInit(java.lang.Object)'> (0x00000000897b9748) 
thrown [t:\workspace\open\src\hotspot\share\interpreter\linkResolver.cpp, line 790]
Event: 0.155 Thread 0x0000018da993c410 Exception <a 'java/lang/NoSuchMethodError'{0x000000008963e860}: 'java.lang.Object java.lang.invoke.DirectMethodHandle$Holder.newInvokeSpecial(java.lang.Object, java.lang.Object, java.lang.Object, java.lang.Object, java.lang.Object)'> (0x000000008963e860) 
thrown [t:\workspace\open\src\hotspot\share\interpreter\linkResolver.cpp, line 790]
Event: 0.156 Thread 0x0000018da993c410 Exception <a 'java/lang/NoSuchMethodError'{0x000000008964a348}: 'java.lang.Object java.lang.invoke.DirectMethodHandle$Holder.invokeStatic(java.lang.Object, int, java.lang.Object, java.lang.Object, java.lang.Object, java.lang.Object)'> (0x000000008964a348) 
thrown [t:\workspace\open\src\hotspot\share\interpreter\linkResolver.cpp, line 790]
Event: 0.159 Thread 0x0000018da993c410 Exception <a 'java/lang/NoSuchMethodError'{0x0000000089670410}: 'java.lang.Object java.lang.invoke.DirectMethodHandle$Holder.invokeStatic(java.lang.Object, int, java.lang.Object)'> (0x0000000089670410) 
thrown [t:\workspace\open\src\hotspot\share\interpreter\linkResolver.cpp, line 790]
Event: 0.179 Thread 0x0000018da993c410 Exception <a 'java/lang/ClassNotFoundException'{0x0000000089528a60}: com/sun/swing/internal/plaf/metal/resources/spi/metalProvider> (0x0000000089528a60) 
thrown [t:\workspace\open\src\hotspot\share\classfile\systemDictionary.cpp, line 256]
Event: 0.180 Thread 0x0000018da993c410 Exception <a 'java/lang/ClassNotFoundException'{0x000000008952ebc8}: com/sun/swing/internal/plaf/basic/resources/spi/basicProvider> (0x000000008952ebc8) 
thrown [t:\workspace\open\src\hotspot\share\classfile\systemDictionary.cpp, line 256]
Event: 0.206 Thread 0x0000018da993c410 Exception <a 'java/lang/NoSuchMethodError'{0x0000000089575f50}: 'void java.lang.invoke.DirectMethodHandle$Holder.invokeStaticInit(java.lang.Object)'> (0x0000000089575f50) 
thrown [t:\workspace\open\src\hotspot\share\interpreter\linkResolver.cpp, line 790]
Event: 0.213 Thread 0x0000018da993c410 Exception <a 'java/io/FileNotFoundException'{0x00000000895f8878}> (0x00000000895f8878) 
thrown [t:\workspace\open\src\hotspot\share\prims\jni.cpp, line 579]
Event: 0.244 Thread 0x0000018dc8b34330 Exception <a 'java/lang/NoSuchMethodError'{0x00000000897fcb18}: 'void java.lang.invoke.DirectMethodHandle$Holder.invokeVirtual(java.lang.Object, java.lang.Object)'> (0x00000000897fcb18) 
thrown [t:\workspace\open\src\hotspot\share\interpreter\linkResolver.cpp, line 790]

Events (20 events):
Event: 0.623 loading class java/awt/event/MouseWheelEvent
Event: 0.623 loading class java/awt/event/MouseWheelEvent done
Event: 0.676 loading class javax/swing/event/ChangeEvent
Event: 0.676 loading class javax/swing/event/ChangeEvent done
Event: 0.988 loading class java/awt/KeyboardFocusManager$2
Event: 0.988 loading class java/awt/KeyboardFocusManager$2 done
Event: 0.988 loading class sun/awt/SunToolkit$1
Event: 0.988 loading class sun/awt/SunToolkit$1 done
Event: 1.023 loading class java/awt/LightweightDispatcher$2
Event: 1.024 loading class java/awt/LightweightDispatcher$2 done
Event: 1.416 Executing  VM operation: Cleanup
Event: 1.417 Executing  VM operation: Cleanup done
Event: 2.418 Executing  VM operation: Cleanup
Event: 2.419 Executing  VM operation: Cleanup done
Event: 2396.414 loading class java/util/WeakHashMap$KeyIterator
Event: 2396.414 loading class java/util/WeakHashMap$HashIterator
Event: 2396.414 loading class java/util/WeakHashMap$HashIterator done
Event: 2396.414 loading class java/util/WeakHashMap$KeyIterator done
Event: 2396.415 loading class javax/swing/RepaintManager$DisplayChangedRunnable
Event: 2396.415 loading class javax/swing/RepaintManager$DisplayChangedRunnable done


Dynamic libraries:
0x00007ff6dd670000 - 0x00007ff6dd680000 	D:\java\bin\javaw.exe
0x00007ff908410000 - 0x00007ff908605000 	C:\WINDOWS\SYSTEM32\ntdll.dll
0x00007ff906cb0000 - 0x00007ff906d6e000 	C:\WINDOWS\System32\KERNEL32.DLL
0x00007ff905f70000 - 0x00007ff906239000 	C:\WINDOWS\System32\KERNELBASE.dll
0x00007ff906360000 - 0x00007ff906460000 	C:\WINDOWS\System32\ucrtbase.dll
0x00007ff8ff0f0000 - 0x00007ff8ff109000 	D:\java\bin\VCRUNTIME140.dll
0x00007ff8ff740000 - 0x00007ff8ff758000 	D:\java\bin\jli.dll
0x00007ff907dc0000 - 0x00007ff907e6c000 	C:\WINDOWS\System32\ADVAPI32.dll
0x00007ff908330000 - 0x00007ff9083ce000 	C:\WINDOWS\System32\msvcrt.dll
0x00007ff907470000 - 0x00007ff90750b000 	C:\WINDOWS\System32\sechost.dll
0x00007ff907780000 - 0x00007ff9078aa000 	C:\WINDOWS\System32\RPCRT4.dll
0x00007ff907c10000 - 0x00007ff907db1000 	C:\WINDOWS\System32\USER32.dll
0x00007ff905b30000 - 0x00007ff905b52000 	C:\WINDOWS\System32\win32u.dll
0x00007ff8ebaa0000 - 0x00007ff8ebd3a000 	C:\WINDOWS\WinSxS\amd64_microsoft.windows.common-controls_6595b64144ccf1df_6.0.19041.1110_none_60b5254171f9507e\COMCTL32.dll
0x00007ff907be0000 - 0x00007ff907c0b000 	C:\WINDOWS\System32\GDI32.dll
0x00007ff905db0000 - 0x00007ff905ebb000 	C:\WINDOWS\System32\gdi32full.dll
0x00007ff906270000 - 0x00007ff90630d000 	C:\WINDOWS\System32\msvcp_win.dll
0x00007ff8fd6f0000 - 0x00007ff8fd6fa000 	C:\WINDOWS\SYSTEM32\VERSION.dll
0x00007ff906d70000 - 0x00007ff906da0000 	C:\WINDOWS\System32\IMM32.DLL
0x00007ff900dd0000 - 0x00007ff900ddc000 	D:\java\bin\vcruntime140_1.dll
0x00007ff8f0e70000 - 0x00007ff8f0f01000 	D:\java\bin\msvcp140.dll
0x00007ff8ac410000 - 0x00007ff8acfbb000 	D:\java\bin\server\jvm.dll
0x00007ff907770000 - 0x00007ff907778000 	C:\WINDOWS\System32\PSAPI.DLL
0x00007ff8e0410000 - 0x00007ff8e0419000 	C:\WINDOWS\SYSTEM32\WSOCK32.dll
0x00007ff8ef220000 - 0x00007ff8ef247000 	C:\WINDOWS\SYSTEM32\WINMM.dll
0x00007ff9078b0000 - 0x00007ff90791b000 	C:\WINDOWS\System32\WS2_32.dll
0x00007ff903c10000 - 0x00007ff903c22000 	C:\WINDOWS\SYSTEM32\kernel.appcore.dll
0x00007ff900d00000 - 0x00007ff900d0a000 	D:\java\bin\jimage.dll
0x00007ff9037f0000 - 0x00007ff9039d4000 	C:\WINDOWS\SYSTEM32\DBGHELP.DLL
0x00007ff8f4710000 - 0x00007ff8f473c000 	C:\WINDOWS\SYSTEM32\dbgcore.DLL
0x00007ff905d20000 - 0x00007ff905da3000 	C:\WINDOWS\System32\bcryptPrimitives.dll
0x00007ff8fbb80000 - 0x00007ff8fbba5000 	D:\java\bin\java.dll
0x00007ff906460000 - 0x00007ff906b9f000 	C:\WINDOWS\System32\SHELL32.dll
0x00007ff903c30000 - 0x00007ff9043c0000 	C:\WINDOWS\SYSTEM32\windows.storage.dll
0x00007ff907fd0000 - 0x00007ff908325000 	C:\WINDOWS\System32\combase.dll
0x00007ff905580000 - 0x00007ff9055ac000 	C:\WINDOWS\SYSTEM32\Wldp.dll
0x00007ff9076c0000 - 0x00007ff90776d000 	C:\WINDOWS\System32\SHCORE.dll
0x00007ff906c50000 - 0x00007ff906ca5000 	C:\WINDOWS\System32\shlwapi.dll
0x00007ff905a70000 - 0x00007ff905a8f000 	C:\WINDOWS\SYSTEM32\profapi.dll
0x00007ff8ee3e0000 - 0x00007ff8ee560000 	D:\java\bin\awt.dll
0x00007ff907590000 - 0x00007ff90765d000 	C:\WINDOWS\System32\OLEAUT32.dll
0x00007ff9027f0000 - 0x00007ff902880000 	C:\WINDOWS\SYSTEM32\apphelp.dll
0x00007ff9033b0000 - 0x00007ff9033df000 	C:\WINDOWS\system32\DWMAPI.DLL
0x00007ff902ee0000 - 0x00007ff902f7e000 	C:\WINDOWS\system32\uxtheme.dll
0x00007ff8ec430000 - 0x00007ff8ec555000 	C:\WINDOWS\system32\opengl32.dll
0x00007ff8fb770000 - 0x00007ff8fb79c000 	C:\WINDOWS\SYSTEM32\GLU32.dll
0x00007ff907350000 - 0x00007ff907465000 	C:\WINDOWS\System32\MSCTF.dll
0x00007ff907220000 - 0x00007ff90734a000 	C:\WINDOWS\System32\ole32.dll
0x00007ff8eeb80000 - 0x00007ff8eec09000 	D:\java\bin\freetype.dll
0x00007ff8ee2e0000 - 0x00007ff8ee3d6000 	D:\java\bin\harfbuzz.dll
0x00007ff8fb650000 - 0x00007ff8fb662000 	D:\java\bin\fontmanager.dll
0x00007ff8f42d0000 - 0x00007ff8f43c9000 	C:\WINDOWS\SYSTEM32\textinputframework.dll
0x00007ff902250000 - 0x00007ff9025ae000 	C:\WINDOWS\System32\CoreUIComponents.dll
0x00007ff9025b0000 - 0x00007ff9026a2000 	C:\WINDOWS\System32\CoreMessaging.dll
0x00007ff904820000 - 0x00007ff904853000 	C:\WINDOWS\SYSTEM32\ntmarta.dll
0x00007ff901b80000 - 0x00007ff901cd4000 	C:\WINDOWS\SYSTEM32\wintypes.dll
0x00007ff8fbc80000 - 0x00007ff8fbc99000 	D:\java\bin\net.dll
0x00007ff8f6820000 - 0x00007ff8f6928000 	C:\WINDOWS\SYSTEM32\WINHTTP.dll
0x00007ff9052e0000 - 0x00007ff90534a000 	C:\WINDOWS\system32\mswsock.dll
0x00007ff8fbbd0000 - 0x00007ff8fbbe3000 	D:\java\bin\nio.dll
0x00007ff8ec370000 - 0x00007ff8ec41c000 	C:\WINDOWS\SYSTEM32\TextShaping.dll

dbghelp: loaded successfully - version: 4.0.5 - missing functions: none
symbol engine: initialized successfully - sym options: 0x614 - pdb path: .;D:\java\bin;C:\WINDOWS\SYSTEM32;C:\WINDOWS\WinSxS\amd64_microsoft.windows.common-controls_6595b64144ccf1df_6.0.19041.1110_none_60b5254171f9507e;D:\java\bin\server

VM Arguments:
jvm_args: -Dfile.encoding=UTF-8 -XX:+ShowCodeDetailsInExceptionMessages 
java_command: amigos.UI_DEMO.tester
java_class_path (initial): F:\study\CSI3471\UI_demo\UI_DEMO\target\classes
Launcher Type: SUN_STANDARD

[Global flags]
     intx CICompilerCount                          = 4                                         {product} {ergonomic}
     uint ConcGCThreads                            = 3                                         {product} {ergonomic}
     uint G1ConcRefinementThreads                  = 10                                        {product} {ergonomic}
   size_t G1HeapRegionSize                         = 1048576                                   {product} {ergonomic}
    uintx GCDrainStackTargetSize                   = 64                                        {product} {ergonomic}
   size_t InitialHeapSize                          = 134217728                                 {product} {ergonomic}
   size_t MarkStackSize                            = 4194304                                   {product} {ergonomic}
   size_t MaxHeapSize                              = 2120220672                                {product} {ergonomic}
   size_t MaxNewSize                               = 1271922688                                {product} {ergonomic}
   size_t MinHeapDeltaBytes                        = 1048576                                   {product} {ergonomic}
   size_t MinHeapSize                              = 8388608                                   {product} {ergonomic}
    uintx NonNMethodCodeHeapSize                   = 5839372                                {pd product} {ergonomic}
    uintx NonProfiledCodeHeapSize                  = 122909434                              {pd product} {ergonomic}
    uintx ProfiledCodeHeapSize                     = 122909434                              {pd product} {ergonomic}
    uintx ReservedCodeCacheSize                    = 251658240                              {pd product} {ergonomic}
     bool SegmentedCodeCache                       = true                                      {product} {ergonomic}
     bool ShowCodeDetailsInExceptionMessages       = true                                   {manageable} {command line}
   size_t SoftMaxHeapSize                          = 2120220672                             {manageable} {ergonomic}
     bool UseCompressedClassPointers               = true                           {product lp64_product} {ergonomic}
     bool UseCompressedOops                        = true                           {product lp64_product} {ergonomic}
     bool UseG1GC                                  = true                                      {product} {ergonomic}
     bool UseLargePagesIndividualAllocation        = false                                  {pd product} {ergonomic}

Logging:
Log output configuration:
 #0: stdout all=warning uptime,level,tags
 #1: stderr all=off uptime,level,tags

Environment Variables:
JAVA_HOME=D:\java
PATH=C:\Program Files\Common Files\Oracle\Java\javapath;C:\Program Files (x86)\Cuminas\Document Express DjVu Plug-in\;C:\Program Files (x86)\Intel\Intel(R) Management Engine Components\iCLS\;C:\Program Files\Intel\Intel(R) Management Engine Components\iCLS\;C:\windows\system32;C:\windows;C:\windows\System32\Wbem;C:\windows\System32\WindowsPowerShell\v1.0\;C:\Program Files (x86)\Intel\Intel(R) Management Engine Components\DAL;C:\Program Files\Intel\Intel(R) Management Engine Components\DAL;C:\Program Files (x86)\Intel\Intel(R) Management Engine Components\IPT;C:\Program Files\Intel\Intel(R) Management Engine Components\IPT;C:\Program Files (x86)\NVIDIA Corporation\PhysX\Common;C:\WINDOWS\system32;C:\WINDOWS;C:\WINDOWS\System32\Wbem;C:\WINDOWS\System32\WindowsPowerShell\v1.0\;C:\WINDOWS\System32\OpenSSH\;C:\Program Files\Intel\WiFi\bin\;C:\Program Files\Common Files\Intel\WirelessCommon\;C:\Program Files\NVIDIA Corporation\NVIDIA NvDLISR;C:\WINDOWS\system32;C:\WINDOWS;C:\WINDOWS\System32\Wbem;C:\WINDOWS\System32\WindowsPowerShell\v1.0\;C:\WINDOWS\System32\OpenSSH\;F:\study\CSI3336\ssh\;D:\apache-maven-3.8.2-bin\apache-maven-3.8.2\bin;D:\Git\cmd;C:\Users\HP\AppData\Local\Microsoft\WindowsApps;C:\Program Files\Bandizip\;C:\Users\HP\AppData\Local\atom\bin;C:\Users\HP\AppData\Local\Microsoft\WindowsApps;;E:\CLion 2019.2.1\bin;
USERNAME=HP
OS=Windows_NT
PROCESSOR_IDENTIFIER=Intel64 Family 6 Model 158 Stepping 10, GenuineIntel



---------------  S Y S T E M  ---------------

OS:
 Windows 10 , 64 bit Build 19041 (10.0.19041.1202)
OS uptime: 5 days 3:20 hours

CPU: total 12 (initial active 12) (6 cores per cpu, 2 threads per core) family 6 model 158 stepping 10 microcode 0xb4, cx8, cmov, fxsr, ht, mmx, 3dnowpref, sse, sse2, sse3, ssse3, sse4.1, sse4.2, popcnt, lzcnt, tsc, tscinvbit, avx, avx2, aes, erms, clmul, bmi1, bmi2, adx, fma, vzeroupper, clflush, clflushopt

Memory: 4k page, system-wide physical 8080M (1872M free)
TotalPageFile size 20881M (AvailPageFile size 475M)
current process WorkingSet (physical memory assigned to process): 61M, peak: 68M
current process commit charge ("private bytes"): 224M, peak: 233M

vm_info: Java HotSpot(TM) 64-Bit Server VM (16.0.2+7-67) for windows-amd64 JRE (16.0.2+7-67), built on Jun  8 2021 23:24:19 by "mach5one" with MS VC++ 16.7 (VS2019)

END.
