#
# There is insufficient memory for the Java Runtime Environment to continue.
# Native memory allocation (malloc) failed to allocate 32744 bytes for ChunkPool::allocate
# Possible reasons:
#   The system is out of physical RAM or swap space
#   The process is running with CompressedOops enabled, and the Java Heap may be blocking the growth of the native heap
# Possible solutions:
#   Reduce memory load on the system
#   Increase physical memory or swap space
#   Check if swap backing store is full
#   Decrease Java heap size (-Xmx/-Xms)
#   Decrease number of Java threads
#   Decrease Java thread stack sizes (-Xss)
#   Set larger code cache with -XX:ReservedCodeCacheSize=
#   JVM is running with Unscaled Compressed Oops mode in which the Java heap is
#     placed in the first 4GB address space. The Java Heap base address is the
#     maximum limit for the native heap growth. Please use -XX:HeapBaseMinAddress
#     to set the Java Heap base and to place the Java Heap above 4GB virtual address.
# This output file may be truncated or incomplete.
#
#  Out of Memory Error (arena.cpp:79), pid=23340, tid=10276
#
# JRE version: Java(TM) SE Runtime Environment (16.0.2+7) (build 16.0.2+7-67)
# Java VM: Java HotSpot(TM) 64-Bit Server VM (16.0.2+7-67, mixed mode, sharing, tiered, compressed oops, compressed class ptrs, g1 gc, windows-amd64)
# No core dump will be written. Minidumps are not enabled by default on client versions of Windows
#

---------------  S U M M A R Y ------------

Command Line: -Dfile.encoding=UTF-8 -XX:+ShowCodeDetailsInExceptionMessages amigos.UI_DEMO.tester

Host: Intel(R) Core(TM) i7-8750H CPU @ 2.20GHz, 12 cores, 7G,  Windows 10 , 64 bit Build 19041 (10.0.19041.1202)
Time: Sat Oct 23 21:49:37 2021  Windows 10 , 64 bit Build 19041 (10.0.19041.1202) elapsed time: 311.736852 seconds (0d 0h 5m 11s)

---------------  T H R E A D  ---------------

Current thread (0x00000233fa5f7560):  JavaThread "C1 CompilerThread0" daemon [_thread_in_native, id=10276, stack(0x000000ce2e000000,0x000000ce2e100000)]


Current CompileTask:
C1: 311736 1579       3       java.lang.StringBuilder::append (8 bytes)

Stack: [0x000000ce2e000000,0x000000ce2e100000]
Native frames: (J=compiled Java code, j=interpreted, Vv=VM code, C=native code)
V  [jvm.dll+0x6681ca]
V  [jvm.dll+0x7c9e69]
V  [jvm.dll+0x7cb61e]
V  [jvm.dll+0x7cbc73]
V  [jvm.dll+0x242c55]
V  [jvm.dll+0xae10f]
V  [jvm.dll+0xae45c]
V  [jvm.dll+0x2438e0]
V  [jvm.dll+0x132b82]
V  [jvm.dll+0x1320ff]
V  [jvm.dll+0x133ec1]
V  [jvm.dll+0x225158]
V  [jvm.dll+0x22319c]
V  [jvm.dll+0x77fa62]
V  [jvm.dll+0x7795aa]
V  [jvm.dll+0x667066]
C  [ucrtbase.dll+0x21bb2]
C  [KERNEL32.DLL+0x17034]
C  [ntdll.dll+0x52651]


---------------  P R O C E S S  ---------------

Threads class SMR info:
_java_thread_list=0x00000233fc7e06b0, length=16, elements={
0x00000233fa5da090, 0x00000233fa5dbea0, 0x00000233fa600380, 0x00000233fa5ec6e0,
0x00000233fa5ee000, 0x00000233fa5f0920, 0x00000233fa5f6a70, 0x00000233fa5f7560,
0x00000233fa609450, 0x00000233fb0bc000, 0x00000233fb0be400, 0x00000233fb291bb0,
0x00000233fb2d6670, 0x00000233fb2e0e90, 0x00000233fb377d40, 0x00000233da22a290
}

Java Threads: ( => current thread )
  0x00000233fa5da090 JavaThread "Reference Handler" daemon [_thread_blocked, id=15932, stack(0x000000ce2d900000,0x000000ce2da00000)]
  0x00000233fa5dbea0 JavaThread "Finalizer" daemon [_thread_blocked, id=15736, stack(0x000000ce2da00000,0x000000ce2db00000)]
  0x00000233fa600380 JavaThread "Signal Dispatcher" daemon [_thread_blocked, id=22008, stack(0x000000ce2db00000,0x000000ce2dc00000)]
  0x00000233fa5ec6e0 JavaThread "Attach Listener" daemon [_thread_blocked, id=9844, stack(0x000000ce2dc00000,0x000000ce2dd00000)]
  0x00000233fa5ee000 JavaThread "Service Thread" daemon [_thread_blocked, id=8416, stack(0x000000ce2dd00000,0x000000ce2de00000)]
  0x00000233fa5f0920 JavaThread "Monitor Deflation Thread" daemon [_thread_blocked, id=19288, stack(0x000000ce2de00000,0x000000ce2df00000)]
  0x00000233fa5f6a70 JavaThread "C2 CompilerThread0" daemon [_thread_in_native, id=3604, stack(0x000000ce2df00000,0x000000ce2e000000)]
=>0x00000233fa5f7560 JavaThread "C1 CompilerThread0" daemon [_thread_in_native, id=10276, stack(0x000000ce2e000000,0x000000ce2e100000)]
  0x00000233fa609450 JavaThread "Sweeper thread" daemon [_thread_blocked, id=20936, stack(0x000000ce2e100000,0x000000ce2e200000)]
  0x00000233fb0bc000 JavaThread "Notification Thread" daemon [_thread_blocked, id=19300, stack(0x000000ce2e200000,0x000000ce2e300000)]
  0x00000233fb0be400 JavaThread "Common-Cleaner" daemon [_thread_blocked, id=18668, stack(0x000000ce2e400000,0x000000ce2e500000)]
  0x00000233fb291bb0 JavaThread "Java2D Disposer" daemon [_thread_blocked, id=14672, stack(0x000000ce2e500000,0x000000ce2e600000)]
  0x00000233fb2d6670 JavaThread "AWT-Shutdown" [_thread_blocked, id=23360, stack(0x000000ce2e600000,0x000000ce2e700000)]
  0x00000233fb2e0e90 JavaThread "AWT-Windows" daemon [_thread_in_native, id=23128, stack(0x000000ce2e700000,0x000000ce2e800000)]
  0x00000233fb377d40 JavaThread "AWT-EventQueue-0" [_thread_blocked, id=22876, stack(0x000000ce2e800000,0x000000ce2e900000)]
  0x00000233da22a290 JavaThread "DestroyJavaVM" [_thread_blocked, id=23196, stack(0x000000ce2d200000,0x000000ce2d300000)]

Other Threads:
  0x00000233fa5d4530 VMThread "VM Thread" [stack: 0x000000ce2d800000,0x000000ce2d900000] [id=23352]
  0x00000233fb0bd760 WatcherThread [stack: 0x000000ce2e300000,0x000000ce2e400000] [id=10192]
  0x00000233da269000 GCTaskThread "GC Thread#0" [stack: 0x000000ce2d300000,0x000000ce2d400000] [id=23068]
  0x00000233da27b210 ConcurrentGCThread "G1 Main Marker" [stack: 0x000000ce2d400000,0x000000ce2d500000] [id=23228]
  0x00000233da27c4a0 ConcurrentGCThread "G1 Conc#0" [stack: 0x000000ce2d500000,0x000000ce2d600000] [id=22980]
  0x00000233da30e150 ConcurrentGCThread "G1 Refine#0" [stack: 0x000000ce2d600000,0x000000ce2d700000] [id=23220]
  0x00000233fa480080 ConcurrentGCThread "G1 Service" [stack: 0x000000ce2d700000,0x000000ce2d800000] [id=23188]

Threads with active compile tasks:
C2 CompilerThread0   311769 1578       4       java.lang.StringLatin1::replace (198 bytes)
C1 CompilerThread0   311769 1579       3       java.lang.StringBuilder::append (8 bytes)

VM state: not at safepoint (normal execution)

VM Mutex/Monitor currently owned by a thread: None

Heap address: 0x0000000081a00000, size: 2022 MB, Compressed Oops mode: 32-bit

CDS archive(s) mapped at: [0x0000000800000000-0x0000000800bb0000-0x0000000800bb0000), size 12255232, SharedBaseAddress: 0x0000000800000000, ArchiveRelocationMode: 0.
Compressed class space mapped at: 0x0000000800c00000-0x0000000840c00000, reserved size: 1073741824
Narrow klass base: 0x0000000800000000, Narrow klass shift: 3, Narrow klass range: 0x100000000

GC Precious Log:
 CPUs: 12 total, 12 available
 Memory: 8080M
 Large Page Support: Disabled
 NUMA Support: Disabled
 Compressed Oops: Enabled (32-bit)
 Heap Region Size: 1M
 Heap Min Capacity: 8M
 Heap Initial Capacity: 128M
 Heap Max Capacity: 2022M
 Pre-touch: Disabled
 Parallel Workers: 10
 Concurrent Workers: 3
 Concurrent Refinement Workers: 10
 Periodic GC: Disabled

Heap:
 garbage-first heap   total 131072K, used 18432K [0x0000000081a00000, 0x0000000100000000)
  region size 1024K, 17 young (17408K), 0 survivors (0K)
 Metaspace       used 7472K, committed 7616K, reserved 1056768K
  class space    used 738K, committed 832K, reserved 1048576K

Heap Regions: E=young(eden), S=young(survivor), O=old, HS=humongous(starts), HC=humongous(continues), CS=collection set, F=free, OA=open archive, CA=closed archive, TAMS=top-at-mark-start (previous, next)
|   0|0x0000000081a00000, 0x0000000081b00000, 0x0000000081b00000|100%|HS|  |TAMS 0x0000000081a00000, 0x0000000081a00000| Complete 
|   1|0x0000000081b00000, 0x0000000081c00000, 0x0000000081c00000|100%|HC|  |TAMS 0x0000000081b00000, 0x0000000081b00000| Complete 
|   2|0x0000000081c00000, 0x0000000081c00000, 0x0000000081d00000|  0%| F|  |TAMS 0x0000000081c00000, 0x0000000081c00000| Untracked 
|   3|0x0000000081d00000, 0x0000000081d00000, 0x0000000081e00000|  0%| F|  |TAMS 0x0000000081d00000, 0x0000000081d00000| Untracked 
|   4|0x0000000081e00000, 0x0000000081e00000, 0x0000000081f00000|  0%| F|  |TAMS 0x0000000081e00000, 0x0000000081e00000| Untracked 
|   5|0x0000000081f00000, 0x0000000081f00000, 0x0000000082000000|  0%| F|  |TAMS 0x0000000081f00000, 0x0000000081f00000| Untracked 
|   6|0x0000000082000000, 0x0000000082000000, 0x0000000082100000|  0%| F|  |TAMS 0x0000000082000000, 0x0000000082000000| Untracked 
|   7|0x0000000082100000, 0x0000000082100000, 0x0000000082200000|  0%| F|  |TAMS 0x0000000082100000, 0x0000000082100000| Untracked 
|   8|0x0000000082200000, 0x0000000082200000, 0x0000000082300000|  0%| F|  |TAMS 0x0000000082200000, 0x0000000082200000| Untracked 
|   9|0x0000000082300000, 0x0000000082300000, 0x0000000082400000|  0%| F|  |TAMS 0x0000000082300000, 0x0000000082300000| Untracked 
|  10|0x0000000082400000, 0x0000000082400000, 0x0000000082500000|  0%| F|  |TAMS 0x0000000082400000, 0x0000000082400000| Untracked 
|  11|0x0000000082500000, 0x0000000082500000, 0x0000000082600000|  0%| F|  |TAMS 0x0000000082500000, 0x0000000082500000| Untracked 
|  12|0x0000000082600000, 0x0000000082600000, 0x0000000082700000|  0%| F|  |TAMS 0x0000000082600000, 0x0000000082600000| Untracked 
|  13|0x0000000082700000, 0x0000000082700000, 0x0000000082800000|  0%| F|  |TAMS 0x0000000082700000, 0x0000000082700000| Untracked 
|  14|0x0000000082800000, 0x0000000082800000, 0x0000000082900000|  0%| F|  |TAMS 0x0000000082800000, 0x0000000082800000| Untracked 
|  15|0x0000000082900000, 0x0000000082900000, 0x0000000082a00000|  0%| F|  |TAMS 0x0000000082900000, 0x0000000082900000| Untracked 
|  16|0x0000000082a00000, 0x0000000082a00000, 0x0000000082b00000|  0%| F|  |TAMS 0x0000000082a00000, 0x0000000082a00000| Untracked 
|  17|0x0000000082b00000, 0x0000000082b00000, 0x0000000082c00000|  0%| F|  |TAMS 0x0000000082b00000, 0x0000000082b00000| Untracked 
|  18|0x0000000082c00000, 0x0000000082c00000, 0x0000000082d00000|  0%| F|  |TAMS 0x0000000082c00000, 0x0000000082c00000| Untracked 
|  19|0x0000000082d00000, 0x0000000082d00000, 0x0000000082e00000|  0%| F|  |TAMS 0x0000000082d00000, 0x0000000082d00000| Untracked 
|  20|0x0000000082e00000, 0x0000000082e00000, 0x0000000082f00000|  0%| F|  |TAMS 0x0000000082e00000, 0x0000000082e00000| Untracked 
|  21|0x0000000082f00000, 0x0000000082f00000, 0x0000000083000000|  0%| F|  |TAMS 0x0000000082f00000, 0x0000000082f00000| Untracked 
|  22|0x0000000083000000, 0x0000000083000000, 0x0000000083100000|  0%| F|  |TAMS 0x0000000083000000, 0x0000000083000000| Untracked 
|  23|0x0000000083100000, 0x0000000083100000, 0x0000000083200000|  0%| F|  |TAMS 0x0000000083100000, 0x0000000083100000| Untracked 
|  24|0x0000000083200000, 0x0000000083200000, 0x0000000083300000|  0%| F|  |TAMS 0x0000000083200000, 0x0000000083200000| Untracked 
|  25|0x0000000083300000, 0x0000000083300000, 0x0000000083400000|  0%| F|  |TAMS 0x0000000083300000, 0x0000000083300000| Untracked 
|  26|0x0000000083400000, 0x0000000083400000, 0x0000000083500000|  0%| F|  |TAMS 0x0000000083400000, 0x0000000083400000| Untracked 
|  27|0x0000000083500000, 0x0000000083500000, 0x0000000083600000|  0%| F|  |TAMS 0x0000000083500000, 0x0000000083500000| Untracked 
|  28|0x0000000083600000, 0x0000000083600000, 0x0000000083700000|  0%| F|  |TAMS 0x0000000083600000, 0x0000000083600000| Untracked 
|  29|0x0000000083700000, 0x0000000083700000, 0x0000000083800000|  0%| F|  |TAMS 0x0000000083700000, 0x0000000083700000| Untracked 
|  30|0x0000000083800000, 0x0000000083800000, 0x0000000083900000|  0%| F|  |TAMS 0x0000000083800000, 0x0000000083800000| Untracked 
|  31|0x0000000083900000, 0x0000000083900000, 0x0000000083a00000|  0%| F|  |TAMS 0x0000000083900000, 0x0000000083900000| Untracked 
|  32|0x0000000083a00000, 0x0000000083a00000, 0x0000000083b00000|  0%| F|  |TAMS 0x0000000083a00000, 0x0000000083a00000| Untracked 
|  33|0x0000000083b00000, 0x0000000083b00000, 0x0000000083c00000|  0%| F|  |TAMS 0x0000000083b00000, 0x0000000083b00000| Untracked 
|  34|0x0000000083c00000, 0x0000000083c00000, 0x0000000083d00000|  0%| F|  |TAMS 0x0000000083c00000, 0x0000000083c00000| Untracked 
|  35|0x0000000083d00000, 0x0000000083d00000, 0x0000000083e00000|  0%| F|  |TAMS 0x0000000083d00000, 0x0000000083d00000| Untracked 
|  36|0x0000000083e00000, 0x0000000083e00000, 0x0000000083f00000|  0%| F|  |TAMS 0x0000000083e00000, 0x0000000083e00000| Untracked 
|  37|0x0000000083f00000, 0x0000000083f00000, 0x0000000084000000|  0%| F|  |TAMS 0x0000000083f00000, 0x0000000083f00000| Untracked 
|  38|0x0000000084000000, 0x0000000084000000, 0x0000000084100000|  0%| F|  |TAMS 0x0000000084000000, 0x0000000084000000| Untracked 
|  39|0x0000000084100000, 0x0000000084100000, 0x0000000084200000|  0%| F|  |TAMS 0x0000000084100000, 0x0000000084100000| Untracked 
|  40|0x0000000084200000, 0x0000000084200000, 0x0000000084300000|  0%| F|  |TAMS 0x0000000084200000, 0x0000000084200000| Untracked 
|  41|0x0000000084300000, 0x0000000084300000, 0x0000000084400000|  0%| F|  |TAMS 0x0000000084300000, 0x0000000084300000| Untracked 
|  42|0x0000000084400000, 0x0000000084400000, 0x0000000084500000|  0%| F|  |TAMS 0x0000000084400000, 0x0000000084400000| Untracked 
|  43|0x0000000084500000, 0x0000000084500000, 0x0000000084600000|  0%| F|  |TAMS 0x0000000084500000, 0x0000000084500000| Untracked 
|  44|0x0000000084600000, 0x0000000084600000, 0x0000000084700000|  0%| F|  |TAMS 0x0000000084600000, 0x0000000084600000| Untracked 
|  45|0x0000000084700000, 0x0000000084700000, 0x0000000084800000|  0%| F|  |TAMS 0x0000000084700000, 0x0000000084700000| Untracked 
|  46|0x0000000084800000, 0x0000000084800000, 0x0000000084900000|  0%| F|  |TAMS 0x0000000084800000, 0x0000000084800000| Untracked 
|  47|0x0000000084900000, 0x0000000084900000, 0x0000000084a00000|  0%| F|  |TAMS 0x0000000084900000, 0x0000000084900000| Untracked 
|  48|0x0000000084a00000, 0x0000000084a00000, 0x0000000084b00000|  0%| F|  |TAMS 0x0000000084a00000, 0x0000000084a00000| Untracked 
|  49|0x0000000084b00000, 0x0000000084b00000, 0x0000000084c00000|  0%| F|  |TAMS 0x0000000084b00000, 0x0000000084b00000| Untracked 
|  50|0x0000000084c00000, 0x0000000084c00000, 0x0000000084d00000|  0%| F|  |TAMS 0x0000000084c00000, 0x0000000084c00000| Untracked 
|  51|0x0000000084d00000, 0x0000000084d00000, 0x0000000084e00000|  0%| F|  |TAMS 0x0000000084d00000, 0x0000000084d00000| Untracked 
|  52|0x0000000084e00000, 0x0000000084e00000, 0x0000000084f00000|  0%| F|  |TAMS 0x0000000084e00000, 0x0000000084e00000| Untracked 
|  53|0x0000000084f00000, 0x0000000084f00000, 0x0000000085000000|  0%| F|  |TAMS 0x0000000084f00000, 0x0000000084f00000| Untracked 
|  54|0x0000000085000000, 0x0000000085000000, 0x0000000085100000|  0%| F|  |TAMS 0x0000000085000000, 0x0000000085000000| Untracked 
|  55|0x0000000085100000, 0x0000000085100000, 0x0000000085200000|  0%| F|  |TAMS 0x0000000085100000, 0x0000000085100000| Untracked 
|  56|0x0000000085200000, 0x0000000085200000, 0x0000000085300000|  0%| F|  |TAMS 0x0000000085200000, 0x0000000085200000| Untracked 
|  57|0x0000000085300000, 0x0000000085300000, 0x0000000085400000|  0%| F|  |TAMS 0x0000000085300000, 0x0000000085300000| Untracked 
|  58|0x0000000085400000, 0x0000000085400000, 0x0000000085500000|  0%| F|  |TAMS 0x0000000085400000, 0x0000000085400000| Untracked 
|  59|0x0000000085500000, 0x0000000085500000, 0x0000000085600000|  0%| F|  |TAMS 0x0000000085500000, 0x0000000085500000| Untracked 
|  60|0x0000000085600000, 0x0000000085600000, 0x0000000085700000|  0%| F|  |TAMS 0x0000000085600000, 0x0000000085600000| Untracked 
|  61|0x0000000085700000, 0x0000000085700000, 0x0000000085800000|  0%| F|  |TAMS 0x0000000085700000, 0x0000000085700000| Untracked 
|  62|0x0000000085800000, 0x0000000085800000, 0x0000000085900000|  0%| F|  |TAMS 0x0000000085800000, 0x0000000085800000| Untracked 
|  63|0x0000000085900000, 0x0000000085900000, 0x0000000085a00000|  0%| F|  |TAMS 0x0000000085900000, 0x0000000085900000| Untracked 
|  64|0x0000000085a00000, 0x0000000085a00000, 0x0000000085b00000|  0%| F|  |TAMS 0x0000000085a00000, 0x0000000085a00000| Untracked 
|  65|0x0000000085b00000, 0x0000000085b00000, 0x0000000085c00000|  0%| F|  |TAMS 0x0000000085b00000, 0x0000000085b00000| Untracked 
|  66|0x0000000085c00000, 0x0000000085c00000, 0x0000000085d00000|  0%| F|  |TAMS 0x0000000085c00000, 0x0000000085c00000| Untracked 
|  67|0x0000000085d00000, 0x0000000085d00000, 0x0000000085e00000|  0%| F|  |TAMS 0x0000000085d00000, 0x0000000085d00000| Untracked 
|  68|0x0000000085e00000, 0x0000000085e00000, 0x0000000085f00000|  0%| F|  |TAMS 0x0000000085e00000, 0x0000000085e00000| Untracked 
|  69|0x0000000085f00000, 0x0000000085f00000, 0x0000000086000000|  0%| F|  |TAMS 0x0000000085f00000, 0x0000000085f00000| Untracked 
|  70|0x0000000086000000, 0x0000000086000000, 0x0000000086100000|  0%| F|  |TAMS 0x0000000086000000, 0x0000000086000000| Untracked 
|  71|0x0000000086100000, 0x0000000086100000, 0x0000000086200000|  0%| F|  |TAMS 0x0000000086100000, 0x0000000086100000| Untracked 
|  72|0x0000000086200000, 0x0000000086200000, 0x0000000086300000|  0%| F|  |TAMS 0x0000000086200000, 0x0000000086200000| Untracked 
|  73|0x0000000086300000, 0x0000000086300000, 0x0000000086400000|  0%| F|  |TAMS 0x0000000086300000, 0x0000000086300000| Untracked 
|  74|0x0000000086400000, 0x0000000086400000, 0x0000000086500000|  0%| F|  |TAMS 0x0000000086400000, 0x0000000086400000| Untracked 
|  75|0x0000000086500000, 0x0000000086500000, 0x0000000086600000|  0%| F|  |TAMS 0x0000000086500000, 0x0000000086500000| Untracked 
|  76|0x0000000086600000, 0x0000000086600000, 0x0000000086700000|  0%| F|  |TAMS 0x0000000086600000, 0x0000000086600000| Untracked 
|  77|0x0000000086700000, 0x0000000086700000, 0x0000000086800000|  0%| F|  |TAMS 0x0000000086700000, 0x0000000086700000| Untracked 
|  78|0x0000000086800000, 0x0000000086800000, 0x0000000086900000|  0%| F|  |TAMS 0x0000000086800000, 0x0000000086800000| Untracked 
|  79|0x0000000086900000, 0x0000000086900000, 0x0000000086a00000|  0%| F|  |TAMS 0x0000000086900000, 0x0000000086900000| Untracked 
|  80|0x0000000086a00000, 0x0000000086a00000, 0x0000000086b00000|  0%| F|  |TAMS 0x0000000086a00000, 0x0000000086a00000| Untracked 
|  81|0x0000000086b00000, 0x0000000086b00000, 0x0000000086c00000|  0%| F|  |TAMS 0x0000000086b00000, 0x0000000086b00000| Untracked 
|  82|0x0000000086c00000, 0x0000000086c00000, 0x0000000086d00000|  0%| F|  |TAMS 0x0000000086c00000, 0x0000000086c00000| Untracked 
|  83|0x0000000086d00000, 0x0000000086d00000, 0x0000000086e00000|  0%| F|  |TAMS 0x0000000086d00000, 0x0000000086d00000| Untracked 
|  84|0x0000000086e00000, 0x0000000086e00000, 0x0000000086f00000|  0%| F|  |TAMS 0x0000000086e00000, 0x0000000086e00000| Untracked 
|  85|0x0000000086f00000, 0x0000000086f00000, 0x0000000087000000|  0%| F|  |TAMS 0x0000000086f00000, 0x0000000086f00000| Untracked 
|  86|0x0000000087000000, 0x0000000087000000, 0x0000000087100000|  0%| F|  |TAMS 0x0000000087000000, 0x0000000087000000| Untracked 
|  87|0x0000000087100000, 0x0000000087100000, 0x0000000087200000|  0%| F|  |TAMS 0x0000000087100000, 0x0000000087100000| Untracked 
|  88|0x0000000087200000, 0x0000000087200000, 0x0000000087300000|  0%| F|  |TAMS 0x0000000087200000, 0x0000000087200000| Untracked 
|  89|0x0000000087300000, 0x0000000087300000, 0x0000000087400000|  0%| F|  |TAMS 0x0000000087300000, 0x0000000087300000| Untracked 
|  90|0x0000000087400000, 0x0000000087400000, 0x0000000087500000|  0%| F|  |TAMS 0x0000000087400000, 0x0000000087400000| Untracked 
|  91|0x0000000087500000, 0x0000000087500000, 0x0000000087600000|  0%| F|  |TAMS 0x0000000087500000, 0x0000000087500000| Untracked 
|  92|0x0000000087600000, 0x0000000087600000, 0x0000000087700000|  0%| F|  |TAMS 0x0000000087600000, 0x0000000087600000| Untracked 
|  93|0x0000000087700000, 0x0000000087700000, 0x0000000087800000|  0%| F|  |TAMS 0x0000000087700000, 0x0000000087700000| Untracked 
|  94|0x0000000087800000, 0x0000000087800000, 0x0000000087900000|  0%| F|  |TAMS 0x0000000087800000, 0x0000000087800000| Untracked 
|  95|0x0000000087900000, 0x0000000087900000, 0x0000000087a00000|  0%| F|  |TAMS 0x0000000087900000, 0x0000000087900000| Untracked 
|  96|0x0000000087a00000, 0x0000000087a00000, 0x0000000087b00000|  0%| F|  |TAMS 0x0000000087a00000, 0x0000000087a00000| Untracked 
|  97|0x0000000087b00000, 0x0000000087b00000, 0x0000000087c00000|  0%| F|  |TAMS 0x0000000087b00000, 0x0000000087b00000| Untracked 
|  98|0x0000000087c00000, 0x0000000087c00000, 0x0000000087d00000|  0%| F|  |TAMS 0x0000000087c00000, 0x0000000087c00000| Untracked 
|  99|0x0000000087d00000, 0x0000000087d00000, 0x0000000087e00000|  0%| F|  |TAMS 0x0000000087d00000, 0x0000000087d00000| Untracked 
| 100|0x0000000087e00000, 0x0000000087e00000, 0x0000000087f00000|  0%| F|  |TAMS 0x0000000087e00000, 0x0000000087e00000| Untracked 
| 101|0x0000000087f00000, 0x0000000087f00000, 0x0000000088000000|  0%| F|  |TAMS 0x0000000087f00000, 0x0000000087f00000| Untracked 
| 102|0x0000000088000000, 0x0000000088000000, 0x0000000088100000|  0%| F|  |TAMS 0x0000000088000000, 0x0000000088000000| Untracked 
| 103|0x0000000088100000, 0x0000000088100000, 0x0000000088200000|  0%| F|  |TAMS 0x0000000088100000, 0x0000000088100000| Untracked 
| 104|0x0000000088200000, 0x0000000088200000, 0x0000000088300000|  0%| F|  |TAMS 0x0000000088200000, 0x0000000088200000| Untracked 
| 105|0x0000000088300000, 0x0000000088300000, 0x0000000088400000|  0%| F|  |TAMS 0x0000000088300000, 0x0000000088300000| Untracked 
| 106|0x0000000088400000, 0x0000000088400000, 0x0000000088500000|  0%| F|  |TAMS 0x0000000088400000, 0x0000000088400000| Untracked 
| 107|0x0000000088500000, 0x0000000088500000, 0x0000000088600000|  0%| F|  |TAMS 0x0000000088500000, 0x0000000088500000| Untracked 
| 108|0x0000000088600000, 0x0000000088600000, 0x0000000088700000|  0%| F|  |TAMS 0x0000000088600000, 0x0000000088600000| Untracked 
| 109|0x0000000088700000, 0x0000000088700000, 0x0000000088800000|  0%| F|  |TAMS 0x0000000088700000, 0x0000000088700000| Untracked 
| 110|0x0000000088800000, 0x0000000088800000, 0x0000000088900000|  0%| F|  |TAMS 0x0000000088800000, 0x0000000088800000| Untracked 
| 111|0x0000000088900000, 0x0000000088976440, 0x0000000088a00000| 46%| E|  |TAMS 0x0000000088900000, 0x0000000088900000| Complete 
| 112|0x0000000088a00000, 0x0000000088b00000, 0x0000000088b00000|100%| E|CS|TAMS 0x0000000088a00000, 0x0000000088a00000| Complete 
| 113|0x0000000088b00000, 0x0000000088c00000, 0x0000000088c00000|100%| E|CS|TAMS 0x0000000088b00000, 0x0000000088b00000| Complete 
| 114|0x0000000088c00000, 0x0000000088d00000, 0x0000000088d00000|100%| E|CS|TAMS 0x0000000088c00000, 0x0000000088c00000| Complete 
| 115|0x0000000088d00000, 0x0000000088e00000, 0x0000000088e00000|100%| E|CS|TAMS 0x0000000088d00000, 0x0000000088d00000| Complete 
| 116|0x0000000088e00000, 0x0000000088f00000, 0x0000000088f00000|100%| E|CS|TAMS 0x0000000088e00000, 0x0000000088e00000| Complete 
| 117|0x0000000088f00000, 0x0000000089000000, 0x0000000089000000|100%| E|CS|TAMS 0x0000000088f00000, 0x0000000088f00000| Complete 
| 118|0x0000000089000000, 0x0000000089100000, 0x0000000089100000|100%| E|CS|TAMS 0x0000000089000000, 0x0000000089000000| Complete 
| 119|0x0000000089100000, 0x0000000089200000, 0x0000000089200000|100%| E|CS|TAMS 0x0000000089100000, 0x0000000089100000| Complete 
| 120|0x0000000089200000, 0x0000000089300000, 0x0000000089300000|100%| E|CS|TAMS 0x0000000089200000, 0x0000000089200000| Complete 
| 121|0x0000000089300000, 0x0000000089400000, 0x0000000089400000|100%| E|CS|TAMS 0x0000000089300000, 0x0000000089300000| Complete 
| 122|0x0000000089400000, 0x0000000089500000, 0x0000000089500000|100%| E|CS|TAMS 0x0000000089400000, 0x0000000089400000| Complete 
| 123|0x0000000089500000, 0x0000000089600000, 0x0000000089600000|100%| E|CS|TAMS 0x0000000089500000, 0x0000000089500000| Complete 
| 124|0x0000000089600000, 0x0000000089700000, 0x0000000089700000|100%| E|CS|TAMS 0x0000000089600000, 0x0000000089600000| Complete 
| 125|0x0000000089700000, 0x0000000089800000, 0x0000000089800000|100%| E|CS|TAMS 0x0000000089700000, 0x0000000089700000| Complete 
| 126|0x0000000089800000, 0x0000000089900000, 0x0000000089900000|100%| E|CS|TAMS 0x0000000089800000, 0x0000000089800000| Complete 
| 127|0x0000000089900000, 0x0000000089a00000, 0x0000000089a00000|100%| E|CS|TAMS 0x0000000089900000, 0x0000000089900000| Complete 

Card table byte_map: [0x00000233f3210000,0x00000233f3610000] _byte_map_base: 0x00000233f2e03000

Marking Bits (Prev, Next): (CMBitMap*) 0x00000233da26ab00, (CMBitMap*) 0x00000233da26ab40
 Prev Bits: [0x00000233f3a10000, 0x00000233f59a8000)
 Next Bits: [0x00000233f59b0000, 0x00000233f7948000)

Polling page: 0x00000233da310000

Metaspace:

Usage:
  Non-class:      6.58 MB used.
      Class:    738.21 KB used.
       Both:      7.30 MB used.

Virtual space:
  Non-class space:        8.00 MB reserved,       6.62 MB ( 83%) committed,  1 nodes.
      Class space:        1.00 GB reserved,     832.00 KB ( <1%) committed,  1 nodes.
              Both:        1.01 GB reserved,       7.44 MB ( <1%) committed. 

Chunk freelists:
   Non-Class:  1.00 MB
       Class:  3.24 MB
        Both:  4.24 MB

MaxMetaspaceSize: 17179869184.00 GB
CompressedClassSpaceSize: 1.00 GB
 - commit_granule_bytes: 65536.
 - commit_granule_words: 8192.
 - virtual_space_node_default_size: 1048576.
 - enlarge_chunks_in_place: 1.
 - new_chunks_are_fully_committed: 0.
 - uncommit_free_chunks: 1.
 - use_allocation_guard: 0.
 - handle_deallocations: 1.


Internal statistics:

num_allocs_failed_limit: 0.
num_arena_births: 108.
num_arena_deaths: 0.
num_vsnodes_births: 2.
num_vsnodes_deaths: 0.
num_space_committed: 119.
num_space_uncommitted: 0.
num_chunks_returned_to_freelist: 0.
num_chunks_taken_from_freelist: 136.
num_chunk_merges: 0.
num_chunk_splits: 84.
num_chunks_enlarged: 44.
num_purges: 0.

CodeHeap 'non-profiled nmethods': size=120000Kb used=654Kb max_used=654Kb free=119346Kb
 bounds [0x00000233eac60000, 0x00000233eaed0000, 0x00000233f2190000]
CodeHeap 'profiled nmethods': size=120000Kb used=2758Kb max_used=2758Kb free=117242Kb
 bounds [0x00000233e3730000, 0x00000233e39f0000, 0x00000233eac60000]
CodeHeap 'non-nmethods': size=5760Kb used=1253Kb max_used=1324Kb free=4506Kb
 bounds [0x00000233e3190000, 0x00000233e3400000, 0x00000233e3730000]
 total_blobs=2144 nmethods=1577 adapters=480
 compilation: enabled
              stopped_count=0, restarted_count=0
 full_count=0

Compilation events (20 events):
Event: 18.768 Thread 0x00000233fa5f6a70 1565   !   4       java.awt.EventDispatchThread::filterAndCheckEvent (108 bytes)
Event: 18.771 Thread 0x00000233fa5f6a70 nmethod 1565 0x00000233eacfea10 code [0x00000233eacfeba0, 0x00000233eacfeef8]
Event: 18.771 Thread 0x00000233fa5f6a70 1566   !   4       java.awt.EventDispatchThread::pumpOneEventForFilters (113 bytes)
Event: 18.780 Thread 0x00000233fa5f6a70 nmethod 1566 0x00000233eacff190 code [0x00000233eacff3c0, 0x00000233ead00420]
Event: 18.787 Thread 0x00000233fa5f7560 1571       3       java.awt.Component$1::getPeer (5 bytes)
Event: 18.787 Thread 0x00000233fa5f7560 nmethod 1571 0x00000233e39dc490 code [0x00000233e39dc620, 0x00000233e39dc738]
Event: 18.787 Thread 0x00000233fa5f7560 1575   !   3       sun.font.FontDesignMetrics::getMetrics (265 bytes)
Event: 18.788 Thread 0x00000233fa5f7560 nmethod 1575 0x00000233e39dc810 code [0x00000233e39dccc0, 0x00000233e39df698]
Event: 18.788 Thread 0x00000233fa5f7560 1572       3       sun.swing.SwingUtilities2::getFRCProperty (38 bytes)
Event: 18.788 Thread 0x00000233fa5f7560 nmethod 1572 0x00000233e39e0410 code [0x00000233e39e0600, 0x00000233e39e0a08]
Event: 18.788 Thread 0x00000233fa5f7560 1573       3       sun.swing.SwingUtilities2$KeyPair::equals (48 bytes)
Event: 18.788 Thread 0x00000233fa5f7560 nmethod 1573 0x00000233e39e0b90 code [0x00000233e39e0d80, 0x00000233e39e1358]
Event: 18.788 Thread 0x00000233fa5f7560 1574       3       sun.awt.SunHints$Value::equals (11 bytes)
Event: 18.789 Thread 0x00000233fa5f7560 nmethod 1574 0x00000233e39e1490 code [0x00000233e39e1620, 0x00000233e39e1798]
Event: 18.812 Thread 0x00000233fa5f6a70 1577   !   4       sun.awt.PostEventQueue::postEvent (81 bytes)
Event: 18.815 Thread 0x00000233fa5f6a70 nmethod 1577 0x00000233ead00d10 code [0x00000233ead00ec0, 0x00000233ead01568]
Event: 18.815 Thread 0x00000233fa5f6a70 1576       4       sun.awt.SunToolkit::postEvent (144 bytes)
Event: 18.827 Thread 0x00000233fa5f6a70 nmethod 1576 0x00000233ead01790 code [0x00000233ead01a20, 0x00000233ead02c50]
Event: 311.480 Thread 0x00000233fa5f6a70 1578       4       java.lang.StringLatin1::replace (198 bytes)
Event: 311.481 Thread 0x00000233fa5f7560 1579       3       java.lang.StringBuilder::append (8 bytes)

GC Heap History (0 events):
No events

Deoptimization events (18 events):
Event: 0.087 Thread 0x00000233da22a290 Uncommon trap: trap_request=0xffffff45 fr.pc=0x00000233eac665a4 relative=0x0000000000000084
Event: 0.087 Thread 0x00000233da22a290 Uncommon trap: reason=unstable_if action=reinterpret pc=0x00000233eac665a4 method=java.lang.String.charAt(I)C @ 4 c2
Event: 0.087 Thread 0x00000233da22a290 DEOPT PACKING pc=0x00000233eac665a4 sp=0x000000ce2d2fcba0
Event: 0.087 Thread 0x00000233da22a290 DEOPT UNPACKING pc=0x00000233e31dd72e sp=0x000000ce2d2fcb40 mode 2
Event: 0.147 Thread 0x00000233da22a290 Uncommon trap: trap_request=0xffffff45 fr.pc=0x00000233eac6eedc relative=0x000000000000023c
Event: 0.147 Thread 0x00000233da22a290 Uncommon trap: reason=unstable_if action=reinterpret pc=0x00000233eac6eedc method=java.lang.String.hashCode()I @ 20 c2
Event: 0.147 Thread 0x00000233da22a290 DEOPT PACKING pc=0x00000233eac6eedc sp=0x000000ce2d2fd910
Event: 0.147 Thread 0x00000233da22a290 DEOPT UNPACKING pc=0x00000233e31dd72e sp=0x000000ce2d2fd8a0 mode 2
Event: 0.282 Thread 0x00000233fb377d40 Uncommon trap: trap_request=0xffffff45 fr.pc=0x00000233eac7efac relative=0x000000000000018c
Event: 0.282 Thread 0x00000233fb377d40 Uncommon trap: reason=unstable_if action=reinterpret pc=0x00000233eac7efac method=java.lang.String.equals(Ljava/lang/Object;)Z @ 33 c2
Event: 0.282 Thread 0x00000233fb377d40 DEOPT PACKING pc=0x00000233eac7efac sp=0x000000ce2e8fd3c0
Event: 0.282 Thread 0x00000233fb377d40 DEOPT UNPACKING pc=0x00000233e31dd72e sp=0x000000ce2e8fd360 mode 2
Event: 0.311 Thread 0x00000233fb377d40 DEOPT PACKING pc=0x00000233e3747ae7 sp=0x000000ce2e8fccf0
Event: 0.311 Thread 0x00000233fb377d40 DEOPT UNPACKING pc=0x00000233e31ddece sp=0x000000ce2e8fc110 mode 0
Event: 6.343 Thread 0x00000233fb377d40 Uncommon trap: trap_request=0xffffff45 fr.pc=0x00000233eacadecc relative=0x00000000000000ac
Event: 6.343 Thread 0x00000233fb377d40 Uncommon trap: reason=unstable_if action=reinterpret pc=0x00000233eacadecc method=java.awt.Component.inside(II)Z @ 13 c2
Event: 6.343 Thread 0x00000233fb377d40 DEOPT PACKING pc=0x00000233eacadecc sp=0x000000ce2e8fe980
Event: 6.343 Thread 0x00000233fb377d40 DEOPT UNPACKING pc=0x00000233e31dd72e sp=0x000000ce2e8fe820 mode 2

Classes unloaded (0 events):
No events

Classes redefined (0 events):
No events

Internal exceptions (14 events):
Event: 0.060 Thread 0x00000233da22a290 Exception <a 'java/lang/NoSuchMethodError'{0x000000008984b6e0}: 'void java.lang.invoke.DirectMethodHandle$Holder.invokeSpecial(java.lang.Object, java.lang.Object, java.lang.Object)'> (0x000000008984b6e0) 
thrown [t:\workspace\open\src\hotspot\share\interpreter\linkResolver.cpp, line 790]
Event: 0.070 Thread 0x00000233da22a290 Exception <a 'java/lang/ClassNotFoundException'{0x000000008986ccf8}: sun/awt/resources/spi/awtProvider> (0x000000008986ccf8) 
thrown [t:\workspace\open\src\hotspot\share\classfile\systemDictionary.cpp, line 256]
Event: 0.087 Thread 0x00000233da22a290 Exception <a 'java/io/FileNotFoundException'{0x000000008973e608}> (0x000000008973e608) 
thrown [t:\workspace\open\src\hotspot\share\prims\jni.cpp, line 579]
Event: 0.094 Thread 0x00000233da22a290 Exception <a 'java/io/FileNotFoundException'{0x000000008976d000}> (0x000000008976d000) 
thrown [t:\workspace\open\src\hotspot\share\prims\jni.cpp, line 579]
Event: 0.095 Thread 0x00000233da22a290 Exception <a 'java/lang/NoSuchMethodError'{0x000000008976e230}: 'java.lang.Object java.lang.invoke.DirectMethodHandle$Holder.invokeStatic(java.lang.Object)'> (0x000000008976e230) 
thrown [t:\workspace\open\src\hotspot\share\interpreter\linkResolver.cpp, line 790]
Event: 0.124 Thread 0x00000233da22a290 Exception <a 'java/lang/NoSuchMethodError'{0x00000000897b9748}: 'java.lang.Object java.lang.invoke.DirectMethodHandle$Holder.invokeStaticInit(java.lang.Object)'> (0x00000000897b9748) 
thrown [t:\workspace\open\src\hotspot\share\interpreter\linkResolver.cpp, line 790]
Event: 0.157 Thread 0x00000233da22a290 Exception <a 'java/lang/NoSuchMethodError'{0x000000008963e860}: 'java.lang.Object java.lang.invoke.DirectMethodHandle$Holder.newInvokeSpecial(java.lang.Object, java.lang.Object, java.lang.Object, java.lang.Object, java.lang.Object)'> (0x000000008963e860) 
thrown [t:\workspace\open\src\hotspot\share\interpreter\linkResolver.cpp, line 790]
Event: 0.158 Thread 0x00000233da22a290 Exception <a 'java/lang/NoSuchMethodError'{0x000000008964a438}: 'java.lang.Object java.lang.invoke.DirectMethodHandle$Holder.invokeStatic(java.lang.Object, int, java.lang.Object, java.lang.Object, java.lang.Object, java.lang.Object)'> (0x000000008964a438) 
thrown [t:\workspace\open\src\hotspot\share\interpreter\linkResolver.cpp, line 790]
Event: 0.161 Thread 0x00000233da22a290 Exception <a 'java/lang/NoSuchMethodError'{0x0000000089670500}: 'java.lang.Object java.lang.invoke.DirectMethodHandle$Holder.invokeStatic(java.lang.Object, int, java.lang.Object)'> (0x0000000089670500) 
thrown [t:\workspace\open\src\hotspot\share\interpreter\linkResolver.cpp, line 790]
Event: 0.179 Thread 0x00000233da22a290 Exception <a 'java/lang/ClassNotFoundException'{0x0000000089528a08}: com/sun/swing/internal/plaf/metal/resources/spi/metalProvider> (0x0000000089528a08) 
thrown [t:\workspace\open\src\hotspot\share\classfile\systemDictionary.cpp, line 256]
Event: 0.181 Thread 0x00000233da22a290 Exception <a 'java/lang/ClassNotFoundException'{0x000000008952eb70}: com/sun/swing/internal/plaf/basic/resources/spi/basicProvider> (0x000000008952eb70) 
thrown [t:\workspace\open\src\hotspot\share\classfile\systemDictionary.cpp, line 256]
Event: 0.208 Thread 0x00000233da22a290 Exception <a 'java/lang/NoSuchMethodError'{0x00000000895f0d38}: 'void java.lang.invoke.DirectMethodHandle$Holder.invokeStaticInit(java.lang.Object)'> (0x00000000895f0d38) 
thrown [t:\workspace\open\src\hotspot\share\interpreter\linkResolver.cpp, line 790]
Event: 0.214 Thread 0x00000233da22a290 Exception <a 'java/io/FileNotFoundException'{0x00000000895fd698}> (0x00000000895fd698) 
thrown [t:\workspace\open\src\hotspot\share\prims\jni.cpp, line 579]
Event: 0.248 Thread 0x00000233fb2e0e90 Exception <a 'java/lang/NoSuchMethodError'{0x00000000897fcb18}: 'void java.lang.invoke.DirectMethodHandle$Holder.invokeVirtual(java.lang.Object, java.lang.Object)'> (0x00000000897fcb18) 
thrown [t:\workspace\open\src\hotspot\share\interpreter\linkResolver.cpp, line 790]

Events (20 events):
Event: 10.519 Executing  VM operation: Cleanup
Event: 10.519 Executing  VM operation: Cleanup done
Event: 11.524 Executing  VM operation: Cleanup
Event: 11.524 Executing  VM operation: Cleanup done
Event: 12.536 Executing  VM operation: Cleanup
Event: 12.536 Executing  VM operation: Cleanup done
Event: 13.541 Executing  VM operation: Cleanup
Event: 13.541 Executing  VM operation: Cleanup done
Event: 14.103 loading class java/security/DomainCombiner
Event: 14.103 loading class java/security/DomainCombiner done
Event: 14.552 Executing  VM operation: Cleanup
Event: 14.552 Executing  VM operation: Cleanup done
Event: 15.565 Executing  VM operation: Cleanup
Event: 15.565 Executing  VM operation: Cleanup done
Event: 16.580 Executing  VM operation: Cleanup
Event: 16.581 Executing  VM operation: Cleanup done
Event: 17.584 Executing  VM operation: Cleanup
Event: 17.584 Executing  VM operation: Cleanup done
Event: 18.597 Executing  VM operation: Cleanup
Event: 18.598 Executing  VM operation: Cleanup done


Dynamic libraries:
0x00007ff6dd670000 - 0x00007ff6dd680000 	D:\java\bin\javaw.exe
0x00007ff908410000 - 0x00007ff908605000 	C:\WINDOWS\SYSTEM32\ntdll.dll
0x00007ff906cb0000 - 0x00007ff906d6e000 	C:\WINDOWS\System32\KERNEL32.DLL
0x00007ff905f70000 - 0x00007ff906239000 	C:\WINDOWS\System32\KERNELBASE.dll
0x00007ff906360000 - 0x00007ff906460000 	C:\WINDOWS\System32\ucrtbase.dll
0x00007ff8ff0f0000 - 0x00007ff8ff109000 	D:\java\bin\VCRUNTIME140.dll
0x00007ff8ff740000 - 0x00007ff8ff758000 	D:\java\bin\jli.dll
0x00007ff907dc0000 - 0x00007ff907e6c000 	C:\WINDOWS\System32\ADVAPI32.dll
0x00007ff908330000 - 0x00007ff9083ce000 	C:\WINDOWS\System32\msvcrt.dll
0x00007ff907470000 - 0x00007ff90750b000 	C:\WINDOWS\System32\sechost.dll
0x00007ff907780000 - 0x00007ff9078aa000 	C:\WINDOWS\System32\RPCRT4.dll
0x00007ff907c10000 - 0x00007ff907db1000 	C:\WINDOWS\System32\USER32.dll
0x00007ff905b30000 - 0x00007ff905b52000 	C:\WINDOWS\System32\win32u.dll
0x00007ff8ebaa0000 - 0x00007ff8ebd3a000 	C:\WINDOWS\WinSxS\amd64_microsoft.windows.common-controls_6595b64144ccf1df_6.0.19041.1110_none_60b5254171f9507e\COMCTL32.dll
0x00007ff907be0000 - 0x00007ff907c0b000 	C:\WINDOWS\System32\GDI32.dll
0x00007ff905db0000 - 0x00007ff905ebb000 	C:\WINDOWS\System32\gdi32full.dll
0x00007ff906270000 - 0x00007ff90630d000 	C:\WINDOWS\System32\msvcp_win.dll
0x00007ff8fd6f0000 - 0x00007ff8fd6fa000 	C:\WINDOWS\SYSTEM32\VERSION.dll
0x00007ff906d70000 - 0x00007ff906da0000 	C:\WINDOWS\System32\IMM32.DLL
0x00007ff900dd0000 - 0x00007ff900ddc000 	D:\java\bin\vcruntime140_1.dll
0x00007ff8f0e70000 - 0x00007ff8f0f01000 	D:\java\bin\msvcp140.dll
0x00007ff8ac410000 - 0x00007ff8acfbb000 	D:\java\bin\server\jvm.dll
0x00007ff907770000 - 0x00007ff907778000 	C:\WINDOWS\System32\PSAPI.DLL
0x00007ff8e0410000 - 0x00007ff8e0419000 	C:\WINDOWS\SYSTEM32\WSOCK32.dll
0x00007ff8ef220000 - 0x00007ff8ef247000 	C:\WINDOWS\SYSTEM32\WINMM.dll
0x00007ff9078b0000 - 0x00007ff90791b000 	C:\WINDOWS\System32\WS2_32.dll
0x00007ff903c10000 - 0x00007ff903c22000 	C:\WINDOWS\SYSTEM32\kernel.appcore.dll
0x00007ff900d00000 - 0x00007ff900d0a000 	D:\java\bin\jimage.dll
0x00007ff9037f0000 - 0x00007ff9039d4000 	C:\WINDOWS\SYSTEM32\DBGHELP.DLL
0x00007ff8f4710000 - 0x00007ff8f473c000 	C:\WINDOWS\SYSTEM32\dbgcore.DLL
0x00007ff905d20000 - 0x00007ff905da3000 	C:\WINDOWS\System32\bcryptPrimitives.dll
0x00007ff8fbb80000 - 0x00007ff8fbba5000 	D:\java\bin\java.dll
0x00007ff906460000 - 0x00007ff906b9f000 	C:\WINDOWS\System32\SHELL32.dll
0x00007ff903c30000 - 0x00007ff9043c0000 	C:\WINDOWS\SYSTEM32\windows.storage.dll
0x00007ff907fd0000 - 0x00007ff908325000 	C:\WINDOWS\System32\combase.dll
0x00007ff905580000 - 0x00007ff9055ac000 	C:\WINDOWS\SYSTEM32\Wldp.dll
0x00007ff9076c0000 - 0x00007ff90776d000 	C:\WINDOWS\System32\SHCORE.dll
0x00007ff906c50000 - 0x00007ff906ca5000 	C:\WINDOWS\System32\shlwapi.dll
0x00007ff905a70000 - 0x00007ff905a8f000 	C:\WINDOWS\SYSTEM32\profapi.dll
0x00007ff8ee3e0000 - 0x00007ff8ee560000 	D:\java\bin\awt.dll
0x00007ff907590000 - 0x00007ff90765d000 	C:\WINDOWS\System32\OLEAUT32.dll
0x00007ff9027f0000 - 0x00007ff902880000 	C:\WINDOWS\SYSTEM32\apphelp.dll
0x00007ff9033b0000 - 0x00007ff9033df000 	C:\WINDOWS\system32\DWMAPI.DLL
0x00007ff902ee0000 - 0x00007ff902f7e000 	C:\WINDOWS\system32\uxtheme.dll
0x00007ff8ec430000 - 0x00007ff8ec555000 	C:\WINDOWS\system32\opengl32.dll
0x00007ff8fb770000 - 0x00007ff8fb79c000 	C:\WINDOWS\SYSTEM32\GLU32.dll
0x00007ff907350000 - 0x00007ff907465000 	C:\WINDOWS\System32\MSCTF.dll
0x00007ff907220000 - 0x00007ff90734a000 	C:\WINDOWS\System32\ole32.dll
0x00007ff8eeb80000 - 0x00007ff8eec09000 	D:\java\bin\freetype.dll
0x00007ff8ee2e0000 - 0x00007ff8ee3d6000 	D:\java\bin\harfbuzz.dll
0x00007ff8fb650000 - 0x00007ff8fb662000 	D:\java\bin\fontmanager.dll
0x00007ff8f42d0000 - 0x00007ff8f43c9000 	C:\WINDOWS\SYSTEM32\textinputframework.dll
0x00007ff9025b0000 - 0x00007ff9026a2000 	C:\WINDOWS\System32\CoreMessaging.dll
0x00007ff902250000 - 0x00007ff9025ae000 	C:\WINDOWS\System32\CoreUIComponents.dll
0x00007ff904820000 - 0x00007ff904853000 	C:\WINDOWS\SYSTEM32\ntmarta.dll
0x00007ff901b80000 - 0x00007ff901cd4000 	C:\WINDOWS\SYSTEM32\wintypes.dll
0x00007ff8fbc80000 - 0x00007ff8fbc99000 	D:\java\bin\net.dll
0x00007ff8f6820000 - 0x00007ff8f6928000 	C:\WINDOWS\SYSTEM32\WINHTTP.dll
0x00007ff9052e0000 - 0x00007ff90534a000 	C:\WINDOWS\system32\mswsock.dll
0x00007ff8fbbd0000 - 0x00007ff8fbbe3000 	D:\java\bin\nio.dll
0x00007ff8ec370000 - 0x00007ff8ec41c000 	C:\WINDOWS\SYSTEM32\TextShaping.dll

dbghelp: loaded successfully - version: 4.0.5 - missing functions: none
symbol engine: initialized successfully - sym options: 0x614 - pdb path: .;D:\java\bin;C:\WINDOWS\SYSTEM32;C:\WINDOWS\WinSxS\amd64_microsoft.windows.common-controls_6595b64144ccf1df_6.0.19041.1110_none_60b5254171f9507e;D:\java\bin\server

VM Arguments:
jvm_args: -Dfile.encoding=UTF-8 -XX:+ShowCodeDetailsInExceptionMessages 
java_command: amigos.UI_DEMO.tester
java_class_path (initial): F:\study\CSI3471\UI_demo\UI_DEMO\target\classes
Launcher Type: SUN_STANDARD

[Global flags]
     intx CICompilerCount                          = 4                                         {product} {ergonomic}
     uint ConcGCThreads                            = 3                                         {product} {ergonomic}
     uint G1ConcRefinementThreads                  = 10                                        {product} {ergonomic}
   size_t G1HeapRegionSize                         = 1048576                                   {product} {ergonomic}
    uintx GCDrainStackTargetSize                   = 64                                        {product} {ergonomic}
   size_t InitialHeapSize                          = 134217728                                 {product} {ergonomic}
   size_t MarkStackSize                            = 4194304                                   {product} {ergonomic}
   size_t MaxHeapSize                              = 2120220672                                {product} {ergonomic}
   size_t MaxNewSize                               = 1271922688                                {product} {ergonomic}
   size_t MinHeapDeltaBytes                        = 1048576                                   {product} {ergonomic}
   size_t MinHeapSize                              = 8388608                                   {product} {ergonomic}
    uintx NonNMethodCodeHeapSize                   = 5839372                                {pd product} {ergonomic}
    uintx NonProfiledCodeHeapSize                  = 122909434                              {pd product} {ergonomic}
    uintx ProfiledCodeHeapSize                     = 122909434                              {pd product} {ergonomic}
    uintx ReservedCodeCacheSize                    = 251658240                              {pd product} {ergonomic}
     bool SegmentedCodeCache                       = true                                      {product} {ergonomic}
     bool ShowCodeDetailsInExceptionMessages       = true                                   {manageable} {command line}
   size_t SoftMaxHeapSize                          = 2120220672                             {manageable} {ergonomic}
     bool UseCompressedClassPointers               = true                           {product lp64_product} {ergonomic}
     bool UseCompressedOops                        = true                           {product lp64_product} {ergonomic}
     bool UseG1GC                                  = true                                      {product} {ergonomic}
     bool UseLargePagesIndividualAllocation        = false                                  {pd product} {ergonomic}

Logging:
Log output configuration:
 #0: stdout all=warning uptime,level,tags
 #1: stderr all=off uptime,level,tags

Environment Variables:
JAVA_HOME=D:\java
PATH=C:\Program Files\Common Files\Oracle\Java\javapath;C:\Program Files (x86)\Cuminas\Document Express DjVu Plug-in\;C:\Program Files (x86)\Intel\Intel(R) Management Engine Components\iCLS\;C:\Program Files\Intel\Intel(R) Management Engine Components\iCLS\;C:\windows\system32;C:\windows;C:\windows\System32\Wbem;C:\windows\System32\WindowsPowerShell\v1.0\;C:\Program Files (x86)\Intel\Intel(R) Management Engine Components\DAL;C:\Program Files\Intel\Intel(R) Management Engine Components\DAL;C:\Program Files (x86)\Intel\Intel(R) Management Engine Components\IPT;C:\Program Files\Intel\Intel(R) Management Engine Components\IPT;C:\Program Files (x86)\NVIDIA Corporation\PhysX\Common;C:\WINDOWS\system32;C:\WINDOWS;C:\WINDOWS\System32\Wbem;C:\WINDOWS\System32\WindowsPowerShell\v1.0\;C:\WINDOWS\System32\OpenSSH\;C:\Program Files\Intel\WiFi\bin\;C:\Program Files\Common Files\Intel\WirelessCommon\;C:\Program Files\NVIDIA Corporation\NVIDIA NvDLISR;C:\WINDOWS\system32;C:\WINDOWS;C:\WINDOWS\System32\Wbem;C:\WINDOWS\System32\WindowsPowerShell\v1.0\;C:\WINDOWS\System32\OpenSSH\;F:\study\CSI3336\ssh\;D:\apache-maven-3.8.2-bin\apache-maven-3.8.2\bin;D:\Git\cmd;C:\Users\HP\AppData\Local\Microsoft\WindowsApps;C:\Program Files\Bandizip\;C:\Users\HP\AppData\Local\atom\bin;C:\Users\HP\AppData\Local\Microsoft\WindowsApps;;E:\CLion 2019.2.1\bin;
USERNAME=HP
OS=Windows_NT
PROCESSOR_IDENTIFIER=Intel64 Family 6 Model 158 Stepping 10, GenuineIntel



---------------  S Y S T E M  ---------------

OS:
 Windows 10 , 64 bit Build 19041 (10.0.19041.1202)
OS uptime: 5 days 3:20 hours

CPU: total 12 (initial active 12) (6 cores per cpu, 2 threads per core) family 6 model 158 stepping 10 microcode 0xb4, cx8, cmov, fxsr, ht, mmx, 3dnowpref, sse, sse2, sse3, ssse3, sse4.1, sse4.2, popcnt, lzcnt, tsc, tscinvbit, avx, avx2, aes, erms, clmul, bmi1, bmi2, adx, fma, vzeroupper, clflush, clflushopt

Memory: 4k page, system-wide physical 8080M (1872M free)
TotalPageFile size 20881M (AvailPageFile size 475M)
current process WorkingSet (physical memory assigned to process): 68M, peak: 86M
current process commit charge ("private bytes"): 226M, peak: 245M

vm_info: Java HotSpot(TM) 64-Bit Server VM (16.0.2+7-67) for windows-amd64 JRE (16.0.2+7-67), built on Jun  8 2021 23:24:19 by "mach5one" with MS VC++ 16.7 (VS2019)

END.
