#
# There is insufficient memory for the Java Runtime Environment to continue.
# Native memory allocation (malloc) failed to allocate 1048576 bytes for AllocateHeap
# Possible reasons:
#   The system is out of physical RAM or swap space
#   The process is running with CompressedOops enabled, and the Java Heap may be blocking the growth of the native heap
# Possible solutions:
#   Reduce memory load on the system
#   Increase physical memory or swap space
#   Check if swap backing store is full
#   Decrease Java heap size (-Xmx/-Xms)
#   Decrease number of Java threads
#   Decrease Java thread stack sizes (-Xss)
#   Set larger code cache with -XX:ReservedCodeCacheSize=
#   JVM is running with Unscaled Compressed Oops mode in which the Java heap is
#     placed in the first 4GB address space. The Java Heap base address is the
#     maximum limit for the native heap growth. Please use -XX:HeapBaseMinAddress
#     to set the Java Heap base and to place the Java Heap above 4GB virtual address.
# This output file may be truncated or incomplete.
#
#  Out of Memory Error (allocation.cpp:44), pid=22920, tid=7344
#
# JRE version:  (16.0.2+7) (build )
# Java VM: Java HotSpot(TM) 64-Bit Server VM (16.0.2+7-67, mixed mode, sharing, tiered, compressed oops, compressed class ptrs, g1 gc, windows-amd64)
# No core dump will be written. Minidumps are not enabled by default on client versions of Windows
#

---------------  S U M M A R Y ------------

Command Line: -Dfile.encoding=UTF-8 -XX:+ShowCodeDetailsInExceptionMessages amigos.UI_DEMO.tester

Host: Intel(R) Core(TM) i7-8750H CPU @ 2.20GHz, 12 cores, 7G,  Windows 10 , 64 bit Build 19041 (10.0.19041.1202)
Time: Sat Oct 23 21:43:28 2021  Windows 10 , 64 bit Build 19041 (10.0.19041.1202) elapsed time: 0.022180 seconds (0d 0h 0m 0s)

---------------  T H R E A D  ---------------

Current thread (0x000002be69a9e460):  JavaThread "Unknown thread" [_thread_in_vm, id=7344, stack(0x000000eab0400000,0x000000eab0500000)]

Stack: [0x000000eab0400000,0x000000eab0500000]
Native frames: (J=compiled Java code, j=interpreted, Vv=VM code, C=native code)
V  [jvm.dll+0x6681ca]
V  [jvm.dll+0x7c9e69]
V  [jvm.dll+0x7cb61e]
V  [jvm.dll+0x7cbc73]
V  [jvm.dll+0x242c55]
V  [jvm.dll+0xa8732]
V  [jvm.dll+0x2dc6d4]
V  [jvm.dll+0x2d423b]
V  [jvm.dll+0x79c741]
V  [jvm.dll+0x360791]
V  [jvm.dll+0x77a3f0]
V  [jvm.dll+0x3e4e8f]
V  [jvm.dll+0x3e6961]
C  [jli.dll+0x52fb]
C  [ucrtbase.dll+0x21bb2]
C  [KERNEL32.DLL+0x17034]
C  [ntdll.dll+0x52651]


---------------  P R O C E S S  ---------------

Threads class SMR info:
_java_thread_list=0x00007ff8acf1cbb8, length=0, elements={
}

Java Threads: ( => current thread )

Other Threads:
  0x000002be69adb6d0 GCTaskThread "GC Thread#0" [stack: 0x000000eab0500000,0x000000eab0600000] [id=19764]

[error occurred during error reporting (printing all threads), id 0xc0000005, EXCEPTION_ACCESS_VIOLATION (0xc0000005) at pc=0x00007ff8ac6f13c0]

VM state: not at safepoint (not fully initialized)

VM Mutex/Monitor currently owned by a thread:  ([mutex/lock_event])
[0x000002be67a0b1e0] Heap_lock - owner thread: 0x000002be69a9e460

Heap address: 0x0000000081a00000, size: 2022 MB, Compressed Oops mode: 32-bit

CDS archive(s) mapped at: [0x0000000000000000-0x0000000000000000-0x0000000000000000), size 0, SharedBaseAddress: 0x0000000800000000, ArchiveRelocationMode: 0.
Narrow klass base: 0x0000000000000000, Narrow klass shift: 0, Narrow klass range: 0x0

GC Precious Log:
<Empty>

Heap:
 garbage-first heap   total 0K, used 0K [0x0000000081a00000, 0x0000000100000000)
  region size 1024K, 0 young (0K), 0 survivors (0K)

[error occurred during error reporting (printing heap information), id 0xc0000005, EXCEPTION_ACCESS_VIOLATION (0xc0000005) at pc=0x00007ff8acad1eed]

GC Heap History (0 events):
No events

Deoptimization events (0 events):
No events

Classes unloaded (0 events):
No events

Classes redefined (0 events):
No events

Internal exceptions (0 events):
No events

Events (1 events):
Event: 0.018 Loaded shared library D:\java\bin\java.dll


Dynamic libraries:
0x00007ff6dd670000 - 0x00007ff6dd680000 	D:\java\bin\javaw.exe
0x00007ff908410000 - 0x00007ff908605000 	C:\WINDOWS\SYSTEM32\ntdll.dll
0x00007ff906cb0000 - 0x00007ff906d6e000 	C:\WINDOWS\System32\KERNEL32.DLL
0x00007ff905f70000 - 0x00007ff906239000 	C:\WINDOWS\System32\KERNELBASE.dll
0x00007ff906360000 - 0x00007ff906460000 	C:\WINDOWS\System32\ucrtbase.dll
0x00007ff8ff0f0000 - 0x00007ff8ff109000 	D:\java\bin\VCRUNTIME140.dll
0x00007ff8ff740000 - 0x00007ff8ff758000 	D:\java\bin\jli.dll
0x00007ff907dc0000 - 0x00007ff907e6c000 	C:\WINDOWS\System32\ADVAPI32.dll
0x00007ff908330000 - 0x00007ff9083ce000 	C:\WINDOWS\System32\msvcrt.dll
0x00007ff907470000 - 0x00007ff90750b000 	C:\WINDOWS\System32\sechost.dll
0x00007ff907780000 - 0x00007ff9078aa000 	C:\WINDOWS\System32\RPCRT4.dll
0x00007ff907c10000 - 0x00007ff907db1000 	C:\WINDOWS\System32\USER32.dll
0x00007ff905b30000 - 0x00007ff905b52000 	C:\WINDOWS\System32\win32u.dll
0x00007ff907be0000 - 0x00007ff907c0b000 	C:\WINDOWS\System32\GDI32.dll
0x00007ff8ebaa0000 - 0x00007ff8ebd3a000 	C:\WINDOWS\WinSxS\amd64_microsoft.windows.common-controls_6595b64144ccf1df_6.0.19041.1110_none_60b5254171f9507e\COMCTL32.dll
0x00007ff905db0000 - 0x00007ff905ebb000 	C:\WINDOWS\System32\gdi32full.dll
0x00007ff906270000 - 0x00007ff90630d000 	C:\WINDOWS\System32\msvcp_win.dll
0x00007ff8fd6f0000 - 0x00007ff8fd6fa000 	C:\WINDOWS\SYSTEM32\VERSION.dll
0x00007ff906d70000 - 0x00007ff906da0000 	C:\WINDOWS\System32\IMM32.DLL
0x00007ff900dd0000 - 0x00007ff900ddc000 	D:\java\bin\vcruntime140_1.dll
0x00007ff8f0e70000 - 0x00007ff8f0f01000 	D:\java\bin\msvcp140.dll
0x00007ff8ac410000 - 0x00007ff8acfbb000 	D:\java\bin\server\jvm.dll
0x00007ff907770000 - 0x00007ff907778000 	C:\WINDOWS\System32\PSAPI.DLL
0x00007ff8ef220000 - 0x00007ff8ef247000 	C:\WINDOWS\SYSTEM32\WINMM.dll
0x00007ff8e0410000 - 0x00007ff8e0419000 	C:\WINDOWS\SYSTEM32\WSOCK32.dll
0x00007ff9078b0000 - 0x00007ff90791b000 	C:\WINDOWS\System32\WS2_32.dll
0x00007ff903c10000 - 0x00007ff903c22000 	C:\WINDOWS\SYSTEM32\kernel.appcore.dll
0x00007ff900d00000 - 0x00007ff900d0a000 	D:\java\bin\jimage.dll
0x00007ff9037f0000 - 0x00007ff9039d4000 	C:\WINDOWS\SYSTEM32\DBGHELP.DLL
0x00007ff8f4710000 - 0x00007ff8f473c000 	C:\WINDOWS\SYSTEM32\dbgcore.DLL
0x00007ff905d20000 - 0x00007ff905da3000 	C:\WINDOWS\System32\bcryptPrimitives.dll
0x00007ff8fbb80000 - 0x00007ff8fbba5000 	D:\java\bin\java.dll

dbghelp: loaded successfully - version: 4.0.5 - missing functions: none
symbol engine: initialized successfully - sym options: 0x614 - pdb path: .;D:\java\bin;C:\WINDOWS\SYSTEM32;C:\WINDOWS\WinSxS\amd64_microsoft.windows.common-controls_6595b64144ccf1df_6.0.19041.1110_none_60b5254171f9507e;D:\java\bin\server

VM Arguments:
jvm_args: -Dfile.encoding=UTF-8 -XX:+ShowCodeDetailsInExceptionMessages 
java_command: amigos.UI_DEMO.tester
java_class_path (initial): F:\study\CSI3471\UI_demo\UI_DEMO\target\classes
Launcher Type: SUN_STANDARD

[Global flags]
     intx CICompilerCount                          = 4                                         {product} {ergonomic}
     uint ConcGCThreads                            = 3                                         {product} {ergonomic}
     uint G1ConcRefinementThreads                  = 10                                        {product} {ergonomic}
   size_t G1HeapRegionSize                         = 1048576                                   {product} {ergonomic}
    uintx GCDrainStackTargetSize                   = 64                                        {product} {ergonomic}
   size_t InitialHeapSize                          = 134217728                                 {product} {ergonomic}
   size_t MarkStackSize                            = 4194304                                   {product} {ergonomic}
   size_t MaxHeapSize                              = 2120220672                                {product} {ergonomic}
   size_t MinHeapDeltaBytes                        = 1048576                                   {product} {ergonomic}
   size_t MinHeapSize                              = 8388608                                   {product} {ergonomic}
    uintx NonNMethodCodeHeapSize                   = 5839372                                {pd product} {ergonomic}
    uintx NonProfiledCodeHeapSize                  = 122909434                              {pd product} {ergonomic}
    uintx ProfiledCodeHeapSize                     = 122909434                              {pd product} {ergonomic}
    uintx ReservedCodeCacheSize                    = 251658240                              {pd product} {ergonomic}
     bool SegmentedCodeCache                       = true                                      {product} {ergonomic}
     bool ShowCodeDetailsInExceptionMessages       = true                                   {manageable} {command line}
   size_t SoftMaxHeapSize                          = 2120220672                             {manageable} {ergonomic}
     bool UseCompressedClassPointers               = true                           {product lp64_product} {ergonomic}
     bool UseCompressedOops                        = true                           {product lp64_product} {ergonomic}
     bool UseG1GC                                  = true                                      {product} {ergonomic}
     bool UseLargePagesIndividualAllocation        = false                                  {pd product} {ergonomic}

Logging:
Log output configuration:
 #0: stdout all=warning uptime,level,tags
 #1: stderr all=off uptime,level,tags

Environment Variables:
JAVA_HOME=D:\java
PATH=C:\Program Files\Common Files\Oracle\Java\javapath;C:\Program Files (x86)\Cuminas\Document Express DjVu Plug-in\;C:\Program Files (x86)\Intel\Intel(R) Management Engine Components\iCLS\;C:\Program Files\Intel\Intel(R) Management Engine Components\iCLS\;C:\windows\system32;C:\windows;C:\windows\System32\Wbem;C:\windows\System32\WindowsPowerShell\v1.0\;C:\Program Files (x86)\Intel\Intel(R) Management Engine Components\DAL;C:\Program Files\Intel\Intel(R) Management Engine Components\DAL;C:\Program Files (x86)\Intel\Intel(R) Management Engine Components\IPT;C:\Program Files\Intel\Intel(R) Management Engine Components\IPT;C:\Program Files (x86)\NVIDIA Corporation\PhysX\Common;C:\WINDOWS\system32;C:\WINDOWS;C:\WINDOWS\System32\Wbem;C:\WINDOWS\System32\WindowsPowerShell\v1.0\;C:\WINDOWS\System32\OpenSSH\;C:\Program Files\Intel\WiFi\bin\;C:\Program Files\Common Files\Intel\WirelessCommon\;C:\Program Files\NVIDIA Corporation\NVIDIA NvDLISR;C:\WINDOWS\system32;C:\WINDOWS;C:\WINDOWS\System32\Wbem;C:\WINDOWS\System32\WindowsPowerShell\v1.0\;C:\WINDOWS\System32\OpenSSH\;F:\study\CSI3336\ssh\;D:\apache-maven-3.8.2-bin\apache-maven-3.8.2\bin;D:\Git\cmd;C:\Users\HP\AppData\Local\Microsoft\WindowsApps;C:\Program Files\Bandizip\;C:\Users\HP\AppData\Local\atom\bin;C:\Users\HP\AppData\Local\Microsoft\WindowsApps;;E:\CLion 2019.2.1\bin;
USERNAME=HP
OS=Windows_NT
PROCESSOR_IDENTIFIER=Intel64 Family 6 Model 158 Stepping 10, GenuineIntel



---------------  S Y S T E M  ---------------

OS:
 Windows 10 , 64 bit Build 19041 (10.0.19041.1202)
OS uptime: 5 days 3:14 hours

CPU: total 12 (initial active 12) (6 cores per cpu, 2 threads per core) family 6 model 158 stepping 10 microcode 0xb4, cx8, cmov, fxsr, ht, mmx, 3dnowpref, sse, sse2, sse3, ssse3, sse4.1, sse4.2, popcnt, lzcnt, tsc, tscinvbit, avx, avx2, aes, erms, clmul, bmi1, bmi2, adx, fma, vzeroupper, clflush, clflushopt

Memory: 4k page, system-wide physical 8080M (1689M free)
TotalPageFile size 20881M (AvailPageFile size 5M)
current process WorkingSet (physical memory assigned to process): 10M, peak: 10M
current process commit charge ("private bytes"): 56M, peak: 57M

vm_info: Java HotSpot(TM) 64-Bit Server VM (16.0.2+7-67) for windows-amd64 JRE (16.0.2+7-67), built on Jun  8 2021 23:24:19 by "mach5one" with MS VC++ 16.7 (VS2019)

END.
